Log file open, 10/17/18 22:45:51
LogWindows: Failed to load 'aqProf.dll' (GetLastError=126)
LogWindows: File 'aqProf.dll' does not exist
LogWindows: Failed to load 'VtuneApi.dll' (GetLastError=126)
LogWindows: File 'VtuneApi.dll' does not exist
LogWindows: Failed to load 'VtuneApi32e.dll' (GetLastError=126)
LogWindows: File 'VtuneApi32e.dll' does not exist
LogInit: Display: Running engine for game: laberinto
LogPlatformFile: Not using cached read wrapper
LogTaskGraph: Started task graph with 5 named threads and 23 total threads with 3 sets of task threads.
LogStats: Stats thread started at 0.261277
LogD3D11RHI: Loaded GFSDK_Aftermath_Lib.x64.dll
LogICUInternationalization: Display: ICU TimeZone Detection - Raw Offset: -3:00, Platform Override: ''
LogPluginManager: Mounting plugin Paper2D
LogPluginManager: Mounting plugin AISupport
LogPluginManager: Mounting plugin LightPropagationVolume
LogPluginManager: Mounting plugin CLionSourceCodeAccess
LogPluginManager: Mounting plugin CodeLiteSourceCodeAccess
LogPluginManager: Mounting plugin GitSourceControl
LogPluginManager: Mounting plugin KDevelopSourceCodeAccess
LogPluginManager: Mounting plugin NullSourceCodeAccess
LogPluginManager: Mounting plugin PerforceSourceControl
LogPluginManager: Mounting plugin SubversionSourceControl
LogPluginManager: Mounting plugin UObjectPlugin
LogPluginManager: Mounting plugin VisualStudioCodeSourceCodeAccess
LogPluginManager: Mounting plugin VisualStudioSourceCodeAccess
LogPluginManager: Mounting plugin XCodeSourceCodeAccess
LogPluginManager: Mounting plugin AssetManagerEditor
LogPluginManager: Mounting plugin CryptoKeys
LogPluginManager: Mounting plugin DataValidation
LogPluginManager: Mounting plugin FacialAnimation
LogPluginManager: Mounting plugin GameplayTagsEditor
LogPluginManager: Mounting plugin MacGraphicsSwitching
LogPluginManager: Mounting plugin MeshEditor
LogPluginManager: Mounting plugin MobileLauncherProfileWizard
LogPluginManager: Mounting plugin PluginBrowser
LogPluginManager: Mounting plugin SpeedTreeImporter
LogPluginManager: Mounting plugin DatasmithContent
LogPluginManager: Mounting plugin AlembicImporter
LogPluginManager: Mounting plugin AppleImageUtils
LogPluginManager: Mounting plugin AppleVision
LogPluginManager: Mounting plugin BackChannel
LogPluginManager: Mounting plugin CharacterAI
LogPluginManager: Mounting plugin GeometryCache
LogPluginManager: Mounting plugin HTML5Networking
LogPluginManager: Mounting plugin ProxyLODPlugin
LogPluginManager: Mounting plugin MagicLeap
LogPluginManager: Mounting plugin MagicLeapEmulator
LogPluginManager: Mounting plugin MagicLeapMedia
LogPluginManager: Mounting plugin AndroidMedia
LogPluginManager: Mounting plugin AvfMedia
LogPluginManager: Mounting plugin ImgMedia
LogPluginManager: Mounting plugin LinearTimecode
LogPluginManager: Mounting plugin MediaCompositing
LogPluginManager: Mounting plugin MediaPlayerEditor
LogPluginManager: Mounting plugin WmfMedia
LogPluginManager: Mounting plugin TcpMessaging
LogPluginManager: Mounting plugin UdpMessaging
LogPluginManager: Mounting plugin ActorSequence
LogPluginManager: Mounting plugin LevelSequenceEditor
LogPluginManager: Mounting plugin MatineeToLevelSequence
LogPluginManager: Mounting plugin NetcodeUnitTest
LogPluginManager: Mounting plugin NUTUnrealEngine4
LogPluginManager: Mounting plugin OnlineSubsystemGooglePlay
LogPluginManager: Mounting plugin OnlineSubsystemIOS
LogPluginManager: Mounting plugin OnlineSubsystem
LogPluginManager: Mounting plugin OnlineSubsystemNull
LogPluginManager: Mounting plugin OnlineSubsystemUtils
LogPluginManager: Mounting plugin LauncherChunkInstaller
LogPluginManager: Mounting plugin AndroidDeviceProfileSelector
LogPluginManager: Mounting plugin AndroidMoviePlayer
LogPluginManager: Mounting plugin AndroidPermission
LogPluginManager: Mounting plugin AppleMoviePlayer
LogPluginManager: Mounting plugin ArchVisCharacter
LogPluginManager: Mounting plugin AudioCapture
LogPluginManager: Mounting plugin CableComponent
LogPluginManager: Mounting plugin CustomMeshComponent
LogPluginManager: Mounting plugin EditableMesh
LogPluginManager: Mounting plugin ExampleDeviceProfileSelector
LogPluginManager: Mounting plugin GoogleCloudMessaging
LogPluginManager: Mounting plugin ImmediatePhysics
LogPluginManager: Mounting plugin IOSDeviceProfileSelector
LogPluginManager: Mounting plugin LinuxDeviceProfileSelector
LogPluginManager: Mounting plugin LocationServicesBPLibrary
LogPluginManager: Mounting plugin MobilePatchingUtils
LogPluginManager: Mounting plugin OculusVR
LogPluginManager: Plugin shader directory ../../../Engine/Plugins/Runtime/Oculus/OculusVR/Shaders found
LogPluginManager: Mapping shader source directory ../../../Engine/Plugins/Runtime/Oculus/OculusVR/Shaders to virtual directory /Plugin/OculusVR
LogPluginManager: Mounting plugin PhysXVehicles
LogPluginManager: Mounting plugin ProceduralMeshComponent
LogPluginManager: Mounting plugin RuntimePhysXCooking
LogPluginManager: Mounting plugin SteamVR
LogPluginManager: Mounting plugin WindowsMoviePlayer
LogStreaming: Display: Took  0.072s to configure plugins.
LogInit: Using libcurl 7.55.1-DEV
LogInit:  - built for x86_64-pc-win32
LogInit:  - supports SSL with OpenSSL/1.0.2h
LogInit:  - supports HTTP deflate (compression) using libz 1.2.8
LogInit:  - other features:
LogInit:      CURL_VERSION_SSL
LogInit:      CURL_VERSION_LIBZ
LogInit:      CURL_VERSION_IPV6
LogInit:      CURL_VERSION_ASYNCHDNS
LogInit:      CURL_VERSION_LARGEFILE
LogInit:      CURL_VERSION_IDN
LogInit:  CurlRequestOptions (configurable via config and command line):
LogInit:  - bVerifyPeer = false  - Libcurl will NOT verify peer certificate
LogInit:  - bUseHttpProxy = false  - Libcurl will NOT use HTTP proxy
LogInit:  - bDontReuseConnections = false  - Libcurl will reuse connections
LogInit:  - CertBundlePath = nullptr  - Libcurl will use whatever was configured at build time.
LogInit:  - MaxHostConnections = 16  - Libcurl will limit the number of connections to a host
LogInit:  - LocalHostAddr = Default
LogInit:  - BufferSize = 65536
LogInit: WinSock: version 1.1 (2.2), MaxSocks=32767, MaxUdp=65467
LogInit: Build: ++UE4+Release-4.20-CL-4369336
LogInit: Engine Version: 4.20.3-4369336+++UE4+Release-4.20
LogInit: Compatible Engine Version: 4.20.0-4212847+++UE4+Release-4.20
LogInit: Net CL: 4212847
LogInit: OS: Windows 10 (), CPU: Intel(R) Core(TM) i7-6700K CPU @ 4.00GHz, GPU: NVIDIA GeForce GTX 1060 3GB
LogInit: Compiled (64-bit): Sep 17 2018 12:26:19
LogInit: Compiled with Visual C++: 19.13.26129.00
LogInit: Build Configuration: Development
LogInit: Branch Name: ++UE4+Release-4.20
LogInit: Command Line:  
LogInit: Base Directory: D:/Epic Games/UE_4.20/Engine/Binaries/Win64/
LogInit: Installed Engine Build: 1
LogDevObjectVersion: Number of dev versions registered: 20
LogDevObjectVersion:   Dev-Blueprints (B0D832E4-1F89-4F0D-ACCF-7EB736FD4AA2): 10
LogDevObjectVersion:   Dev-Build (E1C64328-A22C-4D53-A36C-8E866417BD8C): 0
LogDevObjectVersion:   Dev-Core (375EC13C-06E4-48FB-B500-84F0262A717E): 2
LogDevObjectVersion:   Dev-Editor (E4B068ED-F494-42E9-A231-DA0B2E46BB41): 24
LogDevObjectVersion:   Dev-Framework (CFFC743F-43B0-4480-9391-14DF171D2073): 34
LogDevObjectVersion:   Dev-Mobile (B02B49B5-BB20-44E9-A304-32B752E40360): 2
LogDevObjectVersion:   Dev-Networking (A4E4105C-59A1-49B5-A7C5-40C4547EDFEE): 0
LogDevObjectVersion:   Dev-Online (39C831C9-5AE6-47DC-9A44-9C173E1C8E7C): 0
LogDevObjectVersion:   Dev-Physics (78F01B33-EBEA-4F98-B9B4-84EACCB95AA2): 0
LogDevObjectVersion:   Dev-Platform (6631380F-2D4D-43E0-8009-CF276956A95A): 0
LogDevObjectVersion:   Dev-Rendering (12F88B9F-8875-4AFC-A67C-D90C383ABD29): 26
LogDevObjectVersion:   Dev-Sequencer (7B5AE74C-D270-4C10-A958-57980B212A5A): 9
LogDevObjectVersion:   Dev-VR (D7296918-1DD6-4BDD-9DE2-64A83CC13884): 2
LogDevObjectVersion:   Dev-LoadTimes (C2A15278-BFE7-4AFE-6C17-90FF531DF755): 1
LogDevObjectVersion:   Private-Geometry (6EACA3D4-40EC-4CC1-B786-8BED09428FC5): 3
LogDevObjectVersion:   Dev-AnimPhys (29E575DD-E0A3-4627-9D10-D276232CDCEA): 17
LogDevObjectVersion:   Dev-ReflectionCapture (6B266CEC-1EC7-4B8F-A30B-E4D90942FC07): 1
LogDevObjectVersion:   Dev-Automation (0DF73D61-A23F-47EA-B727-89E90C41499A): 1
LogDevObjectVersion:   FortniteMain (601D1886-AC64-4F84-AA16-D3DE0DEAC7D6): 12
LogDevObjectVersion:   Dev-Enterprise (9DFFBCD6-494F-0158-E221-12823C92A888): 1
LogStreaming: Display: Took  0.000s to delete old logs.
LogInit: Presizing for max 8388607 objects, including 0 objects not considered by GC, pre-allocating 0 bytes for permanent pool.
LogInit: Object subsystem initialized
[2018.10.18-01.45.51:493][  0]LogInit: Selected Device Profile: [Windows]
[2018.10.18-01.45.51:493][  0]LogInit: Applying CVar settings loaded from the selected device profile: [Windows]
[2018.10.18-01.45.51:500][  0]LogHAL: Display: Platform has ~ 32 GB [34269061120 / 34359738368 / 32], which maps to Largest [LargestMinGB=32, LargerMinGB=12, DefaultMinGB=8, SmallerMinGB=6, SmallestMinGB=0)
[2018.10.18-01.45.51:500][  0]LogInit: Setting Device Profile CVar: [[r.Vulkan.UseRealUBs:1]]
[2018.10.18-01.45.51:500][  0]LogInit: Going up to parent DeviceProfile []
[2018.10.18-01.45.51:500][  0]LogInit: Computer: ROPEMAN
[2018.10.18-01.45.51:500][  0]LogInit: User: Sebastian
[2018.10.18-01.45.51:500][  0]LogInit: CPU Page size=4096, Cores=4
[2018.10.18-01.45.51:500][  0]LogInit: High frequency timer resolution =3.914057 MHz
[2018.10.18-01.45.51:500][  0]LogMemory: Memory total: Physical=31.9GB (32GB approx)
[2018.10.18-01.45.51:500][  0]LogMemory: Platform Memory Stats for Windows
[2018.10.18-01.45.51:500][  0]LogMemory: Process Physical Memory: 104.82 MB used, 104.82 MB peak
[2018.10.18-01.45.51:500][  0]LogMemory: Process Virtual Memory: 96.64 MB used, 96.64 MB peak
[2018.10.18-01.45.51:500][  0]LogMemory: Physical Memory: 7477.91 MB used,  25203.62 MB free, 32681.52 MB total
[2018.10.18-01.45.51:500][  0]LogMemory: Virtual Memory: 4660.35 MB used,  25203.62 MB free, 134217728.00 MB total
[2018.10.18-01.45.51:512][  0]LogInit: Overriding language with editor language configuration option (en).
[2018.10.18-01.45.51:512][  0]LogInit: Overriding locale with editor locale configuration option (en).
[2018.10.18-01.45.51:803][  0]LogStreaming: Display: Took  0.292s to InitEngineTextLocalization.
[2018.10.18-01.45.51:803][  0]LogInit: Setting process to per monitor DPI aware
[2018.10.18-01.45.51:828][  0]LogSlate: New Slate User Created.  User Index 0, Is Virtual User: 0
[2018.10.18-01.45.51:828][  0]LogSlate: Slate User Registered.  User Index 0, Is Virtual User: 0
[2018.10.18-01.45.51:945][  0]LogD3D11RHI: D3D11 adapters:
[2018.10.18-01.45.51:985][  0]LogD3D11RHI:    0. 'NVIDIA GeForce GTX 1060 3GB' (Feature Level 11_0)
[2018.10.18-01.45.51:985][  0]LogD3D11RHI:       2988/0/16340 MB DedicatedVideo/DedicatedSystem/SharedSystem, Outputs:2, VendorId:0x10de
[2018.10.18-01.45.51:986][  0]LogD3D11RHI:    1. 'Microsoft Basic Render Driver' (Feature Level 11_0)
[2018.10.18-01.45.51:986][  0]LogD3D11RHI:       0/0/16340 MB DedicatedVideo/DedicatedSystem/SharedSystem, Outputs:0, VendorId:0x1414
[2018.10.18-01.45.51:986][  0]LogD3D11RHI: Chosen D3D11 Adapter: 0
[2018.10.18-01.45.51:992][  0]LogD3D11RHI: Creating new Direct3DDevice
[2018.10.18-01.45.51:993][  0]LogD3D11RHI:     GPU DeviceId: 0x1c02 (for the marketing name, search the web for "GPU Device Id")
[2018.10.18-01.45.51:993][  0]LogWindows: EnumDisplayDevices:
[2018.10.18-01.45.51:993][  0]LogWindows:    0. 'NVIDIA GeForce GTX 1060 3GB' (P:1 D:1)
[2018.10.18-01.45.51:993][  0]LogWindows:    1. 'NVIDIA GeForce GTX 1060 3GB' (P:0 D:1)
[2018.10.18-01.45.51:993][  0]LogWindows:    2. 'NVIDIA GeForce GTX 1060 3GB' (P:0 D:0)
[2018.10.18-01.45.51:993][  0]LogWindows:    3. 'NVIDIA GeForce GTX 1060 3GB' (P:0 D:0)
[2018.10.18-01.45.51:993][  0]LogWindows: DebugString: FoundDriverCount:4 
[2018.10.18-01.45.51:993][  0]LogD3D11RHI:     Adapter Name: NVIDIA GeForce GTX 1060 3GB
[2018.10.18-01.45.51:993][  0]LogD3D11RHI:   Driver Version: 399.24 (internal:24.21.13.9924, unified:399.24)
[2018.10.18-01.45.51:993][  0]LogD3D11RHI:      Driver Date: 9-5-2018
[2018.10.18-01.45.51:993][  0]LogRHI: Texture pool is 2091 MB (70% of 2988 MB)
[2018.10.18-01.45.52:021][  0]LogD3D11RHI: Async texture creation enabled
[2018.10.18-01.45.52:037][  0]LogD3D11RHI: GPU Timing Frequency: 1000.000000 (Debug: 2 2)
[2018.10.18-01.45.52:086][  0]LogShaderCompilers: Guid format shader working directory is -7 characters bigger than the processId version (../../../../../Proyectos/laberinto/laberintoUE/laberinto/Intermediate/Shaders/WorkingDirectory/13700/).
[2018.10.18-01.45.52:086][  0]LogShaderCompilers: Cleaned the shader compiler working directory 'C:/Users/Sebastian/AppData/Local/Temp/UnrealShaderWorkingDir/14F13167425CDF449594DE97690E006F/'.
[2018.10.18-01.45.52:313][  0]LogTemp: Display: Loaded TP AllDesktopTargetPlatform
[2018.10.18-01.45.52:324][  0]LogTemp: Display: Loaded TP MacClientTargetPlatform
[2018.10.18-01.45.52:334][  0]LogTemp: Display: Loaded TP MacNoEditorTargetPlatform
[2018.10.18-01.45.52:344][  0]LogTemp: Display: Loaded TP MacServerTargetPlatform
[2018.10.18-01.45.52:355][  0]LogTemp: Display: Loaded TP MacTargetPlatform
[2018.10.18-01.45.52:365][  0]LogTemp: Display: Loaded TP WindowsClientTargetPlatform
[2018.10.18-01.45.52:376][  0]LogTemp: Display: Loaded TP WindowsNoEditorTargetPlatform
[2018.10.18-01.45.52:387][  0]LogTemp: Display: Loaded TP WindowsServerTargetPlatform
[2018.10.18-01.45.52:392][  0]LogTemp: Display: Loaded TP WindowsTargetPlatform
[2018.10.18-01.45.52:462][  0]LogTemp: Display: Loaded TP AndroidTargetPlatform
[2018.10.18-01.45.52:462][  0]LogTemp: Display: Loaded TP AndroidTargetPlatform
[2018.10.18-01.45.52:462][  0]LogTemp: Display: Loaded TP AndroidTargetPlatform
[2018.10.18-01.45.52:462][  0]LogTemp: Display: Loaded TP AndroidTargetPlatform
[2018.10.18-01.45.52:462][  0]LogTemp: Display: Loaded TP AndroidTargetPlatform
[2018.10.18-01.45.52:462][  0]LogTemp: Display: Loaded TP AndroidTargetPlatform
[2018.10.18-01.45.52:462][  0]LogTemp: Display: Loaded TP AndroidTargetPlatform
[2018.10.18-01.45.52:462][  0]LogTemp: Display: Loaded TP AndroidTargetPlatform
[2018.10.18-01.45.52:462][  0]LogTemp: Display: Loaded TP AndroidTargetPlatform
[2018.10.18-01.45.52:462][  0]LogTemp: Display: Loaded TP AndroidTargetPlatform
[2018.10.18-01.45.52:462][  0]LogTemp: Display: Loaded TP AndroidTargetPlatform
[2018.10.18-01.45.52:462][  0]LogTemp: Display: Loaded TP AndroidTargetPlatform
[2018.10.18-01.45.52:462][  0]LogTemp: Display: Loaded TP AndroidTargetPlatform
[2018.10.18-01.45.52:462][  0]LogTemp: Display: Loaded TP AndroidTargetPlatform
[2018.10.18-01.45.52:462][  0]LogTemp: Display: Loaded TP AndroidTargetPlatform
[2018.10.18-01.45.52:462][  0]LogTemp: Display: Loaded TP AndroidTargetPlatform
[2018.10.18-01.45.52:462][  0]LogTemp: Display: Loaded TP AndroidTargetPlatform
[2018.10.18-01.45.52:462][  0]LogTemp: Display: Loaded TP AndroidTargetPlatform
[2018.10.18-01.45.52:463][  0]LogTemp: Display: Loaded TP HTML5TargetPlatform
[2018.10.18-01.45.52:519][  0]LogTemp: Display: Loaded TP IOSTargetPlatform
[2018.10.18-01.45.52:519][  0]LogTemp: Display: Loaded TP IOSTargetPlatform
[2018.10.18-01.45.52:540][  0]LogTemp: Display: Loaded TP TVOSTargetPlatform
[2018.10.18-01.45.52:540][  0]LogTemp: Display: Loaded TP TVOSTargetPlatform
[2018.10.18-01.45.52:551][  0]LogTemp: Display: Loaded TP LinuxClientTargetPlatform
[2018.10.18-01.45.52:561][  0]LogTemp: Display: Loaded TP LinuxNoEditorTargetPlatform
[2018.10.18-01.45.52:570][  0]LogTemp: Display: Loaded TP LinuxServerTargetPlatform
[2018.10.18-01.45.52:581][  0]LogTemp: Display: Loaded TP LinuxTargetPlatform
[2018.10.18-01.45.52:588][  0]LogTemp: Display: Loaded TP LuminTargetPlatform
[2018.10.18-01.45.52:588][  0]LogTargetPlatformManager: Display: Building Assets For Windows
[2018.10.18-01.45.52:620][  0]LogXGEController: Cleaning working directory: C:/Users/Sebastian/AppData/Local/Temp/UnrealXGEWorkingDir/
[2018.10.18-01.45.52:620][  0]LogXGEController: Cannot use XGE Controller as Incredibuild is not installed on this machine.
[2018.10.18-01.45.52:620][  0]LogShaderCompilers: Cannot use XGE Shader Compiler as Incredibuild is not installed on this machine.
[2018.10.18-01.45.52:620][  0]LogShaderCompilers: Display: Using Local Shader Compiler.
[2018.10.18-01.45.53:145][  0]LogDerivedDataCache: Display: Max Cache Size: 512 MB
[2018.10.18-01.45.53:186][  0]LogDerivedDataCache: Loaded boot cache 0.04s 71MB C:/Users/Sebastian/AppData/Local/UnrealEngine/4.20/DerivedDataCache/Boot.ddc.
[2018.10.18-01.45.53:186][  0]LogDerivedDataCache: Display: Loaded Boot cache: C:/Users/Sebastian/AppData/Local/UnrealEngine/4.20/DerivedDataCache/Boot.ddc
[2018.10.18-01.45.53:186][  0]LogDerivedDataCache: FDerivedDataBackendGraph:  Pak pak cache file ../../../../../Proyectos/laberinto/laberintoUE/laberinto/DerivedDataCache/DDC.ddp not found, will not use a pak cache.
[2018.10.18-01.45.53:186][  0]LogDerivedDataCache: Unable to find inner node Pak for hierarchical cache Hierarchy.
[2018.10.18-01.45.53:186][  0]LogDerivedDataCache: FDerivedDataBackendGraph:  CompressedPak pak cache file ../../../../../Proyectos/laberinto/laberintoUE/laberinto/DerivedDataCache/Compressed.ddp not found, will not use a pak cache.
[2018.10.18-01.45.53:186][  0]LogDerivedDataCache: Unable to find inner node CompressedPak for hierarchical cache Hierarchy.
[2018.10.18-01.45.53:197][  0]LogDerivedDataCache: Display: Pak cache opened for reading ../../../Engine/DerivedDataCache/Compressed.ddp.
[2018.10.18-01.45.53:209][  0]LogDerivedDataCache: Using Local data cache path C:/Users/Sebastian/AppData/Local/UnrealEngine/Common/DerivedDataCache: Writable
[2018.10.18-01.45.53:209][  0]LogDerivedDataCache: Shared data cache path not found in *engine.ini, will not use an Shared cache.
[2018.10.18-01.45.53:209][  0]LogDerivedDataCache: Unable to find inner node Shared for hierarchical cache Hierarchy.
[2018.10.18-01.45.53:223][  0]LogMaterial: Verifying Global Shaders for PCD3D_SM5
[2018.10.18-01.45.53:224][  0]LogSlate: Using FreeType 2.6.0
[2018.10.18-01.45.53:225][  0]LogSlate: SlateFontServices - WITH_FREETYPE: 1, WITH_HARFBUZZ: 1
[2018.10.18-01.45.53:284][  0]LogAssetRegistry: FAssetRegistry took 0.0260 seconds to start up
[2018.10.18-01.45.53:520][  0]LogInit: Selected Device Profile: [Windows]
[2018.10.18-01.45.53:612][  0]LogSimplygon: Simplygon DLL not present - disabling.
[2018.10.18-01.45.53:614][  0]LogMeshReduction: Using SimplygonSwarm for distributed automatic mesh merging
[2018.10.18-01.45.53:614][  0]LogMeshReduction: Using ProxyLODMeshReduction for automatic mesh merging
[2018.10.18-01.45.53:614][  0]LogMeshReduction: Using QuadricMeshReduction for automatic static mesh reduction
[2018.10.18-01.45.53:614][  0]LogMeshReduction: No automatic skeletal mesh reduction module available
[2018.10.18-01.45.53:628][  0]LogNetVersion: laberinto 1.0.0, NetCL: 4212847, EngineNetVer: 5, GameNetVer: 0 (Checksum: 1280128660)
[2018.10.18-01.45.53:960][  0]LogPackageLocalizationCache: Processed 11 localized package path(s) for 1 prioritized culture(s) in 0.040666 seconds
[2018.10.18-01.45.53:965][  0]LogUObjectArray: 38425 objects as part of root set at end of initial load.
[2018.10.18-01.45.53:965][  0]LogUObjectAllocator: 6690864 out of 0 bytes used by permanent object pool.
[2018.10.18-01.45.53:965][  0]LogUObjectArray: CloseDisregardForGC: 0/0 objects in disregard for GC pool
[2018.10.18-01.45.54:566][  0]LogTcpMessaging: Initializing TcpMessaging bridge
[2018.10.18-01.45.54:579][  0]LogUdpMessaging: Initializing bridge on interface 0.0.0.0:0 to multicast group 230.0.0.1:6666.
[2018.10.18-01.45.54:698][  0]SourceControl: Source control is disabled
[2018.10.18-01.45.55:190][  0]LogAndroidPermission: UAndroidPermissionCallbackProxy::GetInstance
[2018.10.18-01.45.55:299][  0]LogOcInput: OculusInput pre-init called
[2018.10.18-01.45.55:344][  0]LogEngine: Initializing Engine...
[2018.10.18-01.45.55:345][  0]LogHMD: Oculus plugin initialized. Version: 4.20.3-4369336+++UE4+Release-4.20, OVRPlugin: 1.25.0
[2018.10.18-01.45.55:346][  0]LogStats: UGameplayTagsManager::ConstructGameplayTagTree: ImportINI prefixes -  0.000 s
[2018.10.18-01.45.55:346][  0]LogStats: UGameplayTagsManager::ConstructGameplayTagTree: Construct from data asset -  0.000 s
[2018.10.18-01.45.55:346][  0]LogStats: UGameplayTagsManager::ConstructGameplayTagTree: ImportINI -  0.000 s
[2018.10.18-01.45.55:346][  0]LogStats: UGameplayTagsManager::ConstructGameplayTagTree: GameplayTagTreeChangedEvent.Broadcast -  0.000 s
[2018.10.18-01.45.55:507][  0]LogInit: Initializing FReadOnlyCVARCache
[2018.10.18-01.45.55:515][  0]LogAIModule: Creating AISystem for world Untitled
[2018.10.18-01.45.55:549][  0]LogInit: XAudio2 using 'Altavoces (Realtek High Definition Audio)' : 2 channels at 48 kHz using 32 bits per sample (channel mask 0x3)
[2018.10.18-01.45.55:565][  0]LogInit: FAudioDevice initialized.
[2018.10.18-01.45.55:565][  0]LogNetVersion: Set ProjectVersion to 1.0.0.0. Version Checksum will be recalculated on next use.
[2018.10.18-01.45.55:631][  0]LogDerivedDataCache: Saved boot cache 0.07s 71MB C:/Users/Sebastian/AppData/Local/UnrealEngine/4.20/DerivedDataCache/Boot.ddc.
[2018.10.18-01.45.55:639][  0]LogInit: Texture streaming: Enabled
[2018.10.18-01.45.55:648][  0]LogEngineSessionManager: EngineSessionManager initialized
[2018.10.18-01.45.55:656][  0]LogInit: Transaction tracking system initialized
[2018.10.18-01.45.55:667][  0]BlueprintLog: New page: Editor Load
[2018.10.18-01.45.55:706][  0]LocalizationService: Localization service is disabled
[2018.10.18-01.45.56:087][  0]LogCook: Display: Max memory allowance for cook 16384mb min free memory 0mb
[2018.10.18-01.45.56:087][  0]LogCook: Display: Mobile HDR setting 0
[2018.10.18-01.45.56:087][  0]LogGameplayTags: Display: UGameplayTagsManager::DoneAddingNativeTags. DelegateIsBound: 0
[2018.10.18-01.45.56:087][  0]LogStats: UGameplayTagsManager::ConstructGameplayTagTree: ImportINI prefixes -  0.000 s
[2018.10.18-01.45.56:087][  0]LogStats: UGameplayTagsManager::ConstructGameplayTagTree: Construct from data asset -  0.000 s
[2018.10.18-01.45.56:087][  0]LogStats: UGameplayTagsManager::ConstructGameplayTagTree: ImportINI -  0.000 s
[2018.10.18-01.45.56:087][  0]LogStats: UGameplayTagsManager::ConstructGameplayTagTree: GameplayTagTreeChangedEvent.Broadcast -  0.000 s
[2018.10.18-01.45.56:159][  0]LogFileCache: Scanning file cache for directory 'D:/Proyectos/laberinto/laberintoUE/laberinto/Content/' took 0.01s
[2018.10.18-01.45.56:159][  0]Cmd: MAP LOAD FILE="../../../../../Proyectos/laberinto/laberintoUE/laberinto/Content/maps/level0.umap" TEMPLATE=0 SHOWPROGRESS=1 FEATURELEVEL=3
[2018.10.18-01.45.56:159][  0]LightingResults: New page: Lighting Build
[2018.10.18-01.45.56:161][  0]MapCheck: New page: Map Check
[2018.10.18-01.45.56:161][  0]LightingResults: New page: Lighting Build
[2018.10.18-01.45.56:550][  0]LogAIModule: Creating AISystem for world level0
[2018.10.18-01.45.56:557][  0]LogEditorServer: Finished looking for orphan Actors (0.000 secs)
[2018.10.18-01.45.56:576][  0]Cmd: MAP CHECKDEP NOCLEARLOG
[2018.10.18-01.45.56:617][  0]MapCheck: Map check complete: 0 Error(s), 0 Warning(s), took 40.42ms to complete.
[2018.10.18-01.45.56:617][  0]LogFileHelpers: Loading map 'level0' took 0.458
[2018.10.18-01.45.56:715][  0]LogSlate: Updating window title bar state: overlay mode, drag disabled, window buttons hidden, title bar hidden
[2018.10.18-01.45.56:723][  0]LogSlate: Updating window title bar state: overlay mode, drag disabled, window buttons hidden, title bar hidden
[2018.10.18-01.45.56:730][  0]LogSlate: Updating window title bar state: overlay mode, drag disabled, window buttons hidden, title bar hidden
[2018.10.18-01.45.56:737][  0]LogSlate: Updating window title bar state: overlay mode, drag disabled, window buttons hidden, title bar hidden
[2018.10.18-01.45.56:740][  0]LogCollectionManager: Loaded 0 collections in 0.000678 seconds
[2018.10.18-01.45.56:783][  0]LogFileCache: Scanning file cache for directory 'D:/Proyectos/laberinto/laberintoUE/laberinto/Saved/Collections/' took 0.01s
[2018.10.18-01.45.56:783][  0]LogFileCache: Scanning file cache for directory 'D:/Proyectos/laberinto/laberintoUE/laberinto/Content/Developers/Sebastian/Collections/' took 0.01s
[2018.10.18-01.45.56:783][  0]LogFileCache: Scanning file cache for directory 'D:/Proyectos/laberinto/laberintoUE/laberinto/Content/Collections/' took 0.01s
[2018.10.18-01.45.56:783][  0]LogCollectionManager: Rebuilt the GUID cache for 0 collections in 0.000000 seconds
[2018.10.18-01.45.56:793][  0]LogContentBrowser: Native class hierarchy populated in 0.0095 seconds. Added 2572 classes and 603 folders.
[2018.10.18-01.45.56:797][  0]LogContentBrowser: Native class hierarchy updated for 'WidgetCarousel' in 0.0003 seconds. Added 0 classes and 0 folders.
[2018.10.18-01.45.56:822][  0]LogContentBrowser: Native class hierarchy updated for 'AddContentDialog' in 0.0003 seconds. Added 0 classes and 0 folders.
[2018.10.18-01.45.56:827][  0]LogContentBrowser: Native class hierarchy updated for 'SceneOutliner' in 0.0003 seconds. Added 1 classes and 2 folders.
[2018.10.18-01.45.56:890][  0]LogSlate: Took 0.000145 seconds to synchronously load lazily loaded font '../../../Engine/Content/Slate/Fonts/Roboto-Regular.ttf' (155K)
[2018.10.18-01.45.56:891][  0]LogSlate: Took 0.000148 seconds to synchronously load lazily loaded font '../../../Engine/Content/Slate/Fonts/Roboto-Bold.ttf' (160K)
[2018.10.18-01.45.56:896][  0]LogSlate: Took 0.000162 seconds to synchronously load lazily loaded font '../../../Engine/Content/Editor/Slate/Fonts/FontAwesome.ttf' (139K)
[2018.10.18-01.45.56:967][  0]LogRenderer: Reallocating scene render targets to support 932x612 Format 10 NumSamples 1 (Frame:1).
[2018.10.18-01.45.57:058][  0]LogContentBrowser: Native class hierarchy updated for 'HierarchicalLODOutliner' in 0.0002 seconds. Added 0 classes and 0 folders.
[2018.10.18-01.45.57:058][  0]LogLoad: (Engine Initialization) Total time: 6.62 seconds
[2018.10.18-01.45.57:058][  0]LogLoad: (Engine Initialization) Total Blueprint compile time: 0.00 seconds
[2018.10.18-01.45.57:068][  0]LogWindowsTextInputMethodSystem: Display: IME system now deactivated.
[2018.10.18-01.45.57:069][  0]LogOcInput: OculusInput is initialized
[2018.10.18-01.45.57:090][  0]LogContentStreaming: Texture pool size now 1000 MB
[2018.10.18-01.45.57:165][  0]LogSlate: Took 0.000120 seconds to synchronously load lazily loaded font '../../../Engine/Content/Slate/Fonts/Roboto-Light.ttf' (167K)
[2018.10.18-01.45.57:177][  1]LogAssetRegistry: Asset discovery search completed in 3.9156 seconds
[2018.10.18-01.45.57:178][  1]LogCollectionManager: Rebuilt the object cache for 0 collections in 0.000000 seconds (found 0 objects)
[2018.10.18-01.45.57:178][  1]LogCollectionManager: Fixed up redirectors for 0 collections in 0.000057 seconds (updated 0 objects)
[2018.10.18-01.51.29:436][989]LogEditorViewport: Clicking on Actor (LMB): BP_meta_C (BP_meta)
[2018.10.18-01.51.31:954][284]LogSlate: FSceneViewport::OnFocusLost() reason 0
[2018.10.18-01.52.18:855][875]LogSlate: Took 0.000153 seconds to synchronously load lazily loaded font '../../../Engine/Content/Slate/Fonts/Roboto-Light.ttf' (167K)
[2018.10.18-01.52.18:861][875]LogAssetEditorManager: Opening Asset editor for Material /Game/meshes/materials/m_end_color.m_end_color
[2018.10.18-01.52.18:867][875]LogMaterial: Display: Missing cached shader map for material m_end_color, compiling. 
[2018.10.18-01.52.19:157][875]LogMaterial: Display: Missing cached shader map for material m_end_color, compiling. 
[2018.10.18-01.52.19:173][875]LogShaderCompilers: Display: Shaders left to compile 21
[2018.10.18-01.52.19:173][875]LogShaderCompilers: Display: Shaders left to compile 20
[2018.10.18-01.52.19:173][875]LogShaderCompilers: Display: Shaders left to compile 19
[2018.10.18-01.52.19:173][875]LogShaderCompilers: Display: Shaders left to compile 18
[2018.10.18-01.52.19:217][875]LogSlate: Took 0.000182 seconds to synchronously load lazily loaded font '../../../Engine/Content/Slate/Fonts/Roboto-BoldCondensed.ttf' (158K)
[2018.10.18-01.52.19:661][907]LogShaderCompilers: Display: Shaders left to compile 17
[2018.10.18-01.52.19:673][908]LogShaderCompilers: Display: Shaders left to compile 16
[2018.10.18-01.52.19:684][909]LogShaderCompilers: Display: Shaders left to compile 15
[2018.10.18-01.52.19:695][910]LogShaderCompilers: Display: Shaders left to compile 14
[2018.10.18-01.52.19:826][922]LogShaderCompilers: Display: Shaders left to compile 13
[2018.10.18-01.52.19:826][922]LogShaderCompilers: Display: Shaders left to compile 12
[2018.10.18-01.52.19:838][923]LogShaderCompilers: Display: Shaders left to compile 11
[2018.10.18-01.52.19:849][924]LogShaderCompilers: Display: Shaders left to compile 10
[2018.10.18-01.52.19:976][936]LogShaderCompilers: Display: Shaders left to compile 9
[2018.10.18-01.52.20:057][943]LogShaderCompilers: Display: Shaders left to compile 8
[2018.10.18-01.52.20:183][955]LogShaderCompilers: Display: Shaders left to compile 7
[2018.10.18-01.52.20:216][958]LogShaderCompilers: Display: Shaders left to compile 6
[2018.10.18-01.52.20:316][967]LogShaderCompilers: Display: Shaders left to compile 5
[2018.10.18-01.52.20:393][974]LogShaderCompilers: Display: Shaders left to compile 4
[2018.10.18-01.52.20:427][977]LogShaderCompilers: Display: Shaders left to compile 3
[2018.10.18-01.52.20:578][991]LogShaderCompilers: Display: Shaders left to compile 2
[2018.10.18-01.52.20:610][994]LogShaderCompilers: Display: Shaders left to compile 1
[2018.10.18-01.52.20:890][ 22]MaterialEditorStats: Base pass shader: 99 instructions
[2018.10.18-01.52.20:890][ 22]MaterialEditorStats: Base pass shader with Volumetric Lightmap: 172 instructions
[2018.10.18-01.52.20:890][ 22]MaterialEditorStats: Base pass vertex shader: 32 instructions
[2018.10.18-01.52.20:890][ 22]MaterialEditorStats: Texture samplers: 3/16
[2018.10.18-01.52.21:530][ 97]LogMaterial: Display: Missing cached shader map for material m_end_color, compiling. 
[2018.10.18-01.52.21:541][ 97]LogMaterial: Display: Missing cached shader map for material FMatExpressionPreview MaterialExpressionConstant3Vector_0, compiling. 
[2018.10.18-01.52.21:576][ 98]LogShaderCompilers: Display: Shaders left to compile 21
[2018.10.18-01.52.21:577][ 98]LogShaderCompilers: Display: Shaders left to compile 20
[2018.10.18-01.52.21:577][ 98]LogShaderCompilers: Display: Shaders left to compile 19
[2018.10.18-01.52.21:577][ 98]LogShaderCompilers: Display: Shaders left to compile 18
[2018.10.18-01.52.21:768][114]LogShaderCompilers: Display: Shaders left to compile 19
[2018.10.18-01.52.21:802][117]LogShaderCompilers: Display: Shaders left to compile 18
[2018.10.18-01.52.21:813][118]LogShaderCompilers: Display: Shaders left to compile 17
[2018.10.18-01.52.21:813][118]LogShaderCompilers: Display: Shaders left to compile 16
[2018.10.18-01.52.21:929][128]LogShaderCompilers: Display: Shaders left to compile 15
[2018.10.18-01.52.21:941][129]LogShaderCompilers: Display: Shaders left to compile 14
[2018.10.18-01.52.21:961][131]LogShaderCompilers: Display: Shaders left to compile 13
[2018.10.18-01.52.21:971][132]LogShaderCompilers: Display: Shaders left to compile 12
[2018.10.18-01.52.22:067][141]LogShaderCompilers: Display: Shaders left to compile 11
[2018.10.18-01.52.22:188][152]LogShaderCompilers: Display: Shaders left to compile 10
[2018.10.18-01.52.22:305][163]LogShaderCompilers: Display: Shaders left to compile 9
[2018.10.18-01.52.22:341][166]LogShaderCompilers: Display: Shaders left to compile 8
[2018.10.18-01.52.22:402][172]LogShaderCompilers: Display: Shaders left to compile 7
[2018.10.18-01.52.22:493][181]LogShaderCompilers: Display: Shaders left to compile 6
[2018.10.18-01.52.22:532][185]LogShaderCompilers: Display: Shaders left to compile 5
[2018.10.18-01.52.22:693][201]LogShaderCompilers: Display: Shaders left to compile 4
[2018.10.18-01.52.22:693][201]LogShaderCompilers: Display: Shaders left to compile 3
[2018.10.18-01.52.22:770][210]LogShaderCompilers: Display: Shaders left to compile 2
[2018.10.18-01.52.22:816][215]LogShaderCompilers: Display: Shaders left to compile 1
[2018.10.18-01.52.24:837][452]LogMaterial: Display: Missing cached shader map for material m_end_color, compiling. 
[2018.10.18-01.52.24:851][452]LogShaderCompilers: Display: Shaders left to compile 21
[2018.10.18-01.52.24:851][452]LogShaderCompilers: Display: Shaders left to compile 20
[2018.10.18-01.52.24:851][452]LogShaderCompilers: Display: Shaders left to compile 19
[2018.10.18-01.52.24:851][452]LogShaderCompilers: Display: Shaders left to compile 18
[2018.10.18-01.52.24:853][452]LogMaterial: Display: Missing cached shader map for material FMatExpressionPreview MaterialExpressionConstant3Vector_0, compiling. 
[2018.10.18-01.52.25:034][464]LogShaderCompilers: Display: Shaders left to compile 19
[2018.10.18-01.52.25:045][465]LogShaderCompilers: Display: Shaders left to compile 18
[2018.10.18-01.52.25:055][466]LogShaderCompilers: Display: Shaders left to compile 17
[2018.10.18-01.52.25:064][467]LogShaderCompilers: Display: Shaders left to compile 16
[2018.10.18-01.52.25:185][478]LogShaderCompilers: Display: Shaders left to compile 15
[2018.10.18-01.52.25:196][479]LogShaderCompilers: Display: Shaders left to compile 14
[2018.10.18-01.52.25:207][480]LogShaderCompilers: Display: Shaders left to compile 13
[2018.10.18-01.52.25:216][481]LogShaderCompilers: Display: Shaders left to compile 12
[2018.10.18-01.52.25:341][494]LogShaderCompilers: Display: Shaders left to compile 11
[2018.10.18-01.52.25:420][501]LogShaderCompilers: Display: Shaders left to compile 10
[2018.10.18-01.52.25:543][512]LogShaderCompilers: Display: Shaders left to compile 9
[2018.10.18-01.52.25:573][515]LogShaderCompilers: Display: Shaders left to compile 8
[2018.10.18-01.52.25:665][523]LogShaderCompilers: Display: Shaders left to compile 7
[2018.10.18-01.52.25:750][531]LogShaderCompilers: Display: Shaders left to compile 6
[2018.10.18-01.52.25:791][535]LogShaderCompilers: Display: Shaders left to compile 5
[2018.10.18-01.52.25:938][549]LogShaderCompilers: Display: Shaders left to compile 4
[2018.10.18-01.52.25:959][551]LogShaderCompilers: Display: Shaders left to compile 3
[2018.10.18-01.52.26:049][561]LogShaderCompilers: Display: Shaders left to compile 2
[2018.10.18-01.52.26:098][566]LogShaderCompilers: Display: Shaders left to compile 1
[2018.10.18-01.52.26:267][582]MaterialEditorStats: Base pass shader: 99 instructions
[2018.10.18-01.52.26:267][582]MaterialEditorStats: Base pass shader with Volumetric Lightmap: 172 instructions
[2018.10.18-01.52.26:267][582]MaterialEditorStats: Base pass vertex shader: 32 instructions
[2018.10.18-01.52.26:267][582]MaterialEditorStats: Texture samplers: 3/16
[2018.10.18-01.52.27:285][701]LogMaterial: Display: Missing cached shader map for material FMatExpressionPreview MaterialExpressionConstant3Vector_0, compiling. 
[2018.10.18-01.52.27:300][701]LogShaderCompilers: Display: Shaders left to compile 2
[2018.10.18-01.52.27:300][701]LogShaderCompilers: Display: Shaders left to compile 1
[2018.10.18-01.52.27:313][701]LogMaterial: Display: Missing cached shader map for material m_end_color, compiling. 
[2018.10.18-01.52.27:323][701]LogShaderCompilers: Display: Shaders left to compile 21
[2018.10.18-01.52.27:323][701]LogShaderCompilers: Display: Shaders left to compile 20
[2018.10.18-01.52.27:535][719]LogShaderCompilers: Display: Shaders left to compile 19
[2018.10.18-01.52.27:548][720]LogShaderCompilers: Display: Shaders left to compile 18
[2018.10.18-01.52.27:570][722]LogShaderCompilers: Display: Shaders left to compile 17
[2018.10.18-01.52.27:623][727]LogShaderCompilers: Display: Shaders left to compile 16
[2018.10.18-01.52.27:734][736]LogShaderCompilers: Display: Shaders left to compile 15
[2018.10.18-01.52.27:734][736]LogShaderCompilers: Display: Shaders left to compile 14
[2018.10.18-01.52.27:749][737]LogShaderCompilers: Display: Shaders left to compile 13
[2018.10.18-01.52.27:800][742]LogShaderCompilers: Display: Shaders left to compile 12
[2018.10.18-01.52.27:861][747]LogShaderCompilers: Display: Shaders left to compile 11
[2018.10.18-01.52.27:882][749]LogShaderCompilers: Display: Shaders left to compile 10
[2018.10.18-01.52.27:904][751]LogShaderCompilers: Display: Shaders left to compile 9
[2018.10.18-01.52.28:093][766]LogShaderCompilers: Display: Shaders left to compile 8
[2018.10.18-01.52.28:148][771]LogShaderCompilers: Display: Shaders left to compile 7
[2018.10.18-01.52.28:223][779]LogShaderCompilers: Display: Shaders left to compile 6
[2018.10.18-01.52.28:244][781]LogShaderCompilers: Display: Shaders left to compile 5
[2018.10.18-01.52.28:262][782]LogMaterial: Display: Missing cached shader map for material FMatExpressionPreview MaterialExpressionConstant3Vector_0, compiling. 
[2018.10.18-01.52.28:290][782]LogMaterial: Display: Missing cached shader map for material m_end_color, compiling. 
[2018.10.18-01.52.28:339][785]LogShaderCompilers: Display: Shaders left to compile 23
[2018.10.18-01.52.28:432][793]LogShaderCompilers: Display: Shaders left to compile 22
[2018.10.18-01.52.28:592][807]LogShaderCompilers: Display: Shaders left to compile 21
[2018.10.18-01.52.28:615][809]LogShaderCompilers: Display: Shaders left to compile 20
[2018.10.18-01.52.28:637][811]LogShaderCompilers: Display: Shaders left to compile 19
[2018.10.18-01.52.28:650][812]LogShaderCompilers: Display: Shaders left to compile 18
[2018.10.18-01.52.28:783][825]LogShaderCompilers: Display: Shaders left to compile 17
[2018.10.18-01.52.28:793][826]LogShaderCompilers: Display: Shaders left to compile 16
[2018.10.18-01.52.28:800][827]LogShaderCompilers: Display: Shaders left to compile 15
[2018.10.18-01.52.28:817][829]LogShaderCompilers: Display: Shaders left to compile 14
[2018.10.18-01.52.28:929][841]LogShaderCompilers: Display: Shaders left to compile 13
[2018.10.18-01.52.28:937][842]LogShaderCompilers: Display: Shaders left to compile 12
[2018.10.18-01.52.28:947][843]LogShaderCompilers: Display: Shaders left to compile 11
[2018.10.18-01.52.28:956][844]LogShaderCompilers: Display: Shaders left to compile 10
[2018.10.18-01.52.29:064][856]LogShaderCompilers: Display: Shaders left to compile 9
[2018.10.18-01.52.29:145][864]LogShaderCompilers: Display: Shaders left to compile 8
[2018.10.18-01.52.29:268][877]LogShaderCompilers: Display: Shaders left to compile 7
[2018.10.18-01.52.29:287][879]LogShaderCompilers: Display: Shaders left to compile 6
[2018.10.18-01.52.29:292][879]LogMaterial: Display: Missing cached shader map for material FMatExpressionPreview MaterialExpressionConstant3Vector_0, compiling. 
[2018.10.18-01.52.29:321][879]LogMaterial: Display: Missing cached shader map for material m_end_color, compiling. 
[2018.10.18-01.52.29:367][882]LogShaderCompilers: Display: Shaders left to compile 23
[2018.10.18-01.52.29:469][891]LogShaderCompilers: Display: Shaders left to compile 22
[2018.10.18-01.52.29:480][892]LogShaderCompilers: Display: Shaders left to compile 21
[2018.10.18-01.52.29:651][907]LogShaderCompilers: Display: Shaders left to compile 20
[2018.10.18-01.52.29:665][908]LogShaderCompilers: Display: Shaders left to compile 19
[2018.10.18-01.52.29:682][910]LogShaderCompilers: Display: Shaders left to compile 18
[2018.10.18-01.52.29:691][911]LogShaderCompilers: Display: Shaders left to compile 17
[2018.10.18-01.52.29:840][926]LogShaderCompilers: Display: Shaders left to compile 16
[2018.10.18-01.52.29:847][927]LogShaderCompilers: Display: Shaders left to compile 15
[2018.10.18-01.52.29:847][927]LogShaderCompilers: Display: Shaders left to compile 14
[2018.10.18-01.52.29:857][928]LogShaderCompilers: Display: Shaders left to compile 13
[2018.10.18-01.52.29:968][940]LogShaderCompilers: Display: Shaders left to compile 12
[2018.10.18-01.52.29:995][943]LogShaderCompilers: Display: Shaders left to compile 11
[2018.10.18-01.52.29:995][943]LogShaderCompilers: Display: Shaders left to compile 10
[2018.10.18-01.52.30:002][944]LogShaderCompilers: Display: Shaders left to compile 9
[2018.10.18-01.52.30:105][955]LogMaterial: Display: Missing cached shader map for material FMatExpressionPreview MaterialExpressionConstant3Vector_0, compiling. 
[2018.10.18-01.52.30:133][955]LogMaterial: Display: Missing cached shader map for material m_end_color, compiling. 
[2018.10.18-01.52.30:198][959]LogShaderCompilers: Display: Shaders left to compile 23
[2018.10.18-01.52.30:314][968]LogShaderCompilers: Display: Shaders left to compile 22
[2018.10.18-01.52.30:347][971]LogShaderCompilers: Display: Shaders left to compile 21
[2018.10.18-01.52.30:357][972]LogShaderCompilers: Display: Shaders left to compile 20
[2018.10.18-01.52.30:475][982]LogShaderCompilers: Display: Shaders left to compile 19
[2018.10.18-01.52.30:519][986]LogShaderCompilers: Display: Shaders left to compile 18
[2018.10.18-01.52.30:546][988]LogShaderCompilers: Display: Shaders left to compile 17
[2018.10.18-01.52.30:546][988]LogShaderCompilers: Display: Shaders left to compile 16
[2018.10.18-01.52.30:660][999]LogShaderCompilers: Display: Shaders left to compile 15
[2018.10.18-01.52.30:670][  0]LogShaderCompilers: Display: Shaders left to compile 14
[2018.10.18-01.52.30:689][  2]LogShaderCompilers: Display: Shaders left to compile 13
[2018.10.18-01.52.30:699][  3]LogShaderCompilers: Display: Shaders left to compile 12
[2018.10.18-01.52.30:786][ 12]LogShaderCompilers: Display: Shaders left to compile 11
[2018.10.18-01.52.30:804][ 14]LogShaderCompilers: Display: Shaders left to compile 10
[2018.10.18-01.52.30:824][ 16]LogShaderCompilers: Display: Shaders left to compile 9
[2018.10.18-01.52.30:856][ 19]LogMaterial: Display: Missing cached shader map for material FMatExpressionPreview MaterialExpressionConstant3Vector_0, compiling. 
[2018.10.18-01.52.30:884][ 19]LogMaterial: Display: Missing cached shader map for material m_end_color, compiling. 
[2018.10.18-01.52.31:002][ 27]LogShaderCompilers: Display: Shaders left to compile 23
[2018.10.18-01.52.31:017][ 28]LogShaderCompilers: Display: Shaders left to compile 22
[2018.10.18-01.52.31:165][ 40]LogShaderCompilers: Display: Shaders left to compile 21
[2018.10.18-01.52.31:165][ 40]LogShaderCompilers: Display: Shaders left to compile 20
[2018.10.18-01.52.31:234][ 46]LogShaderCompilers: Display: Shaders left to compile 19
[2018.10.18-01.52.31:290][ 51]LogShaderCompilers: Display: Shaders left to compile 18
[2018.10.18-01.52.31:372][ 58]LogShaderCompilers: Display: Shaders left to compile 17
[2018.10.18-01.52.31:372][ 58]LogShaderCompilers: Display: Shaders left to compile 16
[2018.10.18-01.52.31:420][ 62]LogShaderCompilers: Display: Shaders left to compile 15
[2018.10.18-01.52.31:444][ 64]LogShaderCompilers: Display: Shaders left to compile 14
[2018.10.18-01.52.31:526][ 71]LogShaderCompilers: Display: Shaders left to compile 13
[2018.10.18-01.52.31:527][ 71]LogShaderCompilers: Display: Shaders left to compile 12
[2018.10.18-01.52.31:567][ 75]LogShaderCompilers: Display: Shaders left to compile 11
[2018.10.18-01.52.31:567][ 75]LogShaderCompilers: Display: Shaders left to compile 10
[2018.10.18-01.52.31:675][ 85]LogShaderCompilers: Display: Shaders left to compile 9
[2018.10.18-01.52.31:777][ 94]LogShaderCompilers: Display: Shaders left to compile 8
[2018.10.18-01.52.31:880][104]LogShaderCompilers: Display: Shaders left to compile 7
[2018.10.18-01.52.31:928][109]LogShaderCompilers: Display: Shaders left to compile 6
[2018.10.18-01.52.31:932][109]LogMaterial: Display: Missing cached shader map for material m_end_color, compiling. 
[2018.10.18-01.52.31:948][109]LogMaterial: Display: Missing cached shader map for material FMatExpressionPreview MaterialExpressionConstant3Vector_0, compiling. 
[2018.10.18-01.52.31:980][109]LogMaterial: Display: Missing cached shader map for material FMatExpressionPreview MaterialExpressionConstant3Vector_0, compiling. 
[2018.10.18-01.52.31:996][109]LogShaderCompilers: Display: Shaders left to compile 23
[2018.10.18-01.52.32:009][109]LogMaterial: Display: Missing cached shader map for material m_end_color, compiling. 
[2018.10.18-01.52.32:025][109]LogMaterial: Display: Missing cached shader map for material FMatExpressionPreview MaterialExpressionConstant3Vector_0, compiling. 
[2018.10.18-01.52.32:051][109]LogShaderCompilers: Display: Shaders left to compile 23
[2018.10.18-01.52.32:052][109]LogMaterial: Display: Missing cached shader map for material m_end_color, compiling. 
[2018.10.18-01.52.32:065][109]LogSlate: Window 'Color Picker' being destroyed
[2018.10.18-01.52.32:120][113]LogShaderCompilers: Display: Shaders left to compile 23
[2018.10.18-01.52.32:224][122]LogShaderCompilers: Display: Shaders left to compile 22
[2018.10.18-01.52.32:312][130]LogShaderCompilers: Display: Shaders left to compile 21
[2018.10.18-01.52.32:324][131]LogShaderCompilers: Display: Shaders left to compile 20
[2018.10.18-01.52.32:430][141]LogShaderCompilers: Display: Shaders left to compile 19
[2018.10.18-01.52.32:442][142]LogShaderCompilers: Display: Shaders left to compile 18
[2018.10.18-01.52.32:515][149]LogShaderCompilers: Display: Shaders left to compile 17
[2018.10.18-01.52.32:527][150]LogShaderCompilers: Display: Shaders left to compile 16
[2018.10.18-01.52.32:597][157]LogShaderCompilers: Display: Shaders left to compile 15
[2018.10.18-01.52.32:620][159]LogShaderCompilers: Display: Shaders left to compile 14
[2018.10.18-01.52.32:677][165]LogShaderCompilers: Display: Shaders left to compile 13
[2018.10.18-01.52.32:677][165]LogShaderCompilers: Display: Shaders left to compile 12
[2018.10.18-01.52.32:737][171]LogShaderCompilers: Display: Shaders left to compile 11
[2018.10.18-01.52.32:754][173]LogShaderCompilers: Display: Shaders left to compile 10
[2018.10.18-01.52.32:828][179]LogShaderCompilers: Display: Shaders left to compile 9
[2018.10.18-01.52.32:955][190]LogShaderCompilers: Display: Shaders left to compile 8
[2018.10.18-01.52.33:031][197]LogShaderCompilers: Display: Shaders left to compile 7
[2018.10.18-01.52.33:115][205]LogShaderCompilers: Display: Shaders left to compile 6
[2018.10.18-01.52.33:149][208]LogShaderCompilers: Display: Shaders left to compile 5
[2018.10.18-01.52.33:243][217]LogShaderCompilers: Display: Shaders left to compile 4
[2018.10.18-01.52.33:309][223]LogShaderCompilers: Display: Shaders left to compile 3
[2018.10.18-01.52.33:448][235]LogShaderCompilers: Display: Shaders left to compile 2
[2018.10.18-01.52.33:482][238]LogShaderCompilers: Display: Shaders left to compile 1
[2018.10.18-01.52.33:762][268]MaterialEditorStats: Base pass shader: 99 instructions
[2018.10.18-01.52.33:762][268]MaterialEditorStats: Base pass shader with Volumetric Lightmap: 172 instructions
[2018.10.18-01.52.33:762][268]MaterialEditorStats: Base pass vertex shader: 32 instructions
[2018.10.18-01.52.33:762][268]MaterialEditorStats: Texture samplers: 3/16
[2018.10.18-01.52.38:688][857]LogMaterialEditor: Saving and Compiling material m_end_color
[2018.10.18-01.52.39:068][857]LogMaterial: Display: Missing cached shader map for material m_end_color, compiling. 
[2018.10.18-01.52.39:109][857]LogShaderCompilers: Display: Shaders left to compile 21
[2018.10.18-01.52.39:109][857]LogShaderCompilers: Display: Shaders left to compile 20
[2018.10.18-01.52.39:109][857]LogShaderCompilers: Display: Shaders left to compile 19
[2018.10.18-01.52.39:109][857]LogShaderCompilers: Display: Shaders left to compile 18
[2018.10.18-01.52.39:118][857]LogMaterial: Display: Missing cached shader map for material m_end_color, compiling. 
[2018.10.18-01.52.39:135][857]LogMaterial: Display: Missing cached shader map for material m_end_color, compiling. 
[2018.10.18-01.52.39:172][857]LogMaterial: Display: Missing cached shader map for material FDebugViewModeMaterialProxy m_end_color, compiling. 
[2018.10.18-01.52.40:200][857]LogShaderCompilers: Display: Shaders left to compile 40
[2018.10.18-01.52.40:200][857]LogShaderCompilers: Display: Shaders left to compile 39
[2018.10.18-01.52.40:200][857]LogShaderCompilers: Display: Shaders left to compile 38
[2018.10.18-01.52.40:200][857]LogShaderCompilers: Display: Shaders left to compile 37
[2018.10.18-01.52.40:200][857]LogShaderCompilers: Display: Shaders left to compile 36
[2018.10.18-01.52.40:200][857]LogShaderCompilers: Display: Shaders left to compile 35
[2018.10.18-01.52.40:200][857]LogShaderCompilers: Display: Shaders left to compile 34
[2018.10.18-01.52.40:200][857]LogShaderCompilers: Display: Shaders left to compile 33
[2018.10.18-01.52.40:200][857]LogShaderCompilers: Display: Shaders left to compile 32
[2018.10.18-01.52.40:200][857]LogShaderCompilers: Display: Shaders left to compile 31
[2018.10.18-01.52.40:200][857]LogShaderCompilers: Display: Shaders left to compile 30
[2018.10.18-01.52.40:200][857]LogShaderCompilers: Display: Shaders left to compile 29
[2018.10.18-01.52.40:200][857]LogShaderCompilers: Display: Shaders left to compile 28
[2018.10.18-01.52.40:200][857]LogShaderCompilers: Display: Shaders left to compile 27
[2018.10.18-01.52.40:200][857]LogShaderCompilers: Display: Shaders left to compile 26
[2018.10.18-01.52.40:200][857]LogShaderCompilers: Display: Shaders left to compile 25
[2018.10.18-01.52.40:200][857]LogShaderCompilers: Display: Shaders left to compile 24
[2018.10.18-01.52.40:200][857]LogShaderCompilers: Display: Shaders left to compile 23
[2018.10.18-01.52.40:201][857]LogShaderCompilers: Display: Shaders left to compile 22
[2018.10.18-01.52.40:201][857]LogShaderCompilers: Display: Shaders left to compile 12
[2018.10.18-01.52.40:201][857]LogShaderCompilers: Display: Shaders left to compile 2
[2018.10.18-01.52.40:202][857]TextureStreamingBuild: Display: Compiling optional shaders took 1.035 seconds.
[2018.10.18-01.52.42:133][857]Cmd: OBJ SAVEPACKAGE PACKAGE="/Game/meshes/materials/m_end_color" FILE="../../../../../Proyectos/laberinto/laberintoUE/laberinto/Content/meshes/materials/m_end_color.uasset" SILENT=true
[2018.10.18-01.52.42:142][857]LogSavePackage: Moving '../../../../../Proyectos/laberinto/laberintoUE/laberinto/Saved/m_end_colorCA491BBA4A46669CED3A7CBD8D4A4154.tmp' to '../../../../../Proyectos/laberinto/laberintoUE/laberinto/Content/meshes/materials/m_end_color.uasset'
[2018.10.18-01.52.44:412][ 51]LogSlate: Window 'm_end_color' being destroyed
[2018.10.18-01.55.57:264][802]Cmd: OBJ SAVEPACKAGE PACKAGE="/Game/maps/level0" FILE="../../../../../Proyectos/laberinto/laberintoUE/laberinto/Saved/Autosaves/Game/maps/level0_Auto1.umap" SILENT=true AUTOSAVING=true KEEPDIRTY=false
[2018.10.18-01.55.57:382][802]LogSavePackage: Moving '../../../../../Proyectos/laberinto/laberintoUE/laberinto/Saved/level0_Auto1E2A3C08F43326534693E6097434921CE.tmp' to '../../../../../Proyectos/laberinto/laberintoUE/laberinto/Saved/Autosaves/Game/maps/level0_Auto1.umap'
[2018.10.18-01.55.57:384][802]LogFileHelpers: Editor autosave (incl. sublevels) for '/Game/maps/level0' took 0.137
[2018.10.18-01.55.57:384][802]LogFileHelpers: Editor autosave (incl. sublevels) for all levels took 0.137
[2018.10.18-03.41.50:955][444]LogEditorViewport: Clicking on Actor (LMB): BP_meta_C (BP_meta)
[2018.10.18-03.41.51:934][560]LogSlate: FSceneViewport::OnFocusLost() reason 0
[2018.10.18-03.41.54:894][914]LogSlate: Took 0.000174 seconds to synchronously load lazily loaded font '../../../Engine/Content/Slate/Fonts/Roboto-Italic.ttf' (157K)
[2018.10.18-03.41.57:459][220]LogAssetEditorManager: Opening Asset editor for Blueprint /Game/blueprint/BP_meta.BP_meta
[2018.10.18-03.41.57:792][220]LogContentBrowser: Native class hierarchy updated for 'BlueprintGraph' in 0.0005 seconds. Added 116 classes and 0 folders.
[2018.10.18-03.42.00:081][423]LogRenderer: Reallocating scene render targets to support 1080x744 Format 10 NumSamples 1 (Frame:1).
[2018.10.18-03.42.02:866][751]LogSlate: FSceneViewport::OnFocusLost() reason 2
[2018.10.18-03.42.07:768][335]BlueprintLog: New page: Compile BP_meta
[2018.10.18-03.42.10:252][604]Cmd: OBJ SAVEPACKAGE PACKAGE="/Game/blueprint/BP_meta" FILE="../../../../../Proyectos/laberinto/laberintoUE/laberinto/Content/blueprint/BP_meta.uasset" SILENT=true
[2018.10.18-03.42.10:268][604]LogSavePackage: Moving '../../../../../Proyectos/laberinto/laberintoUE/laberinto/Saved/BP_metaAF3761EB402E38BBA55CC381F7156641.tmp' to '../../../../../Proyectos/laberinto/laberintoUE/laberinto/Content/blueprint/BP_meta.uasset'
[2018.10.18-03.42.16:915][270]LogSlate: Window 'Save Content' being destroyed
[2018.10.18-03.42.17:029][270]Cmd: OBJ SAVEPACKAGE PACKAGE="/Game/maps/level0" FILE="../../../../../Proyectos/laberinto/laberintoUE/laberinto/Content/maps/level0.umap" SILENT=true AUTOSAVING=false KEEPDIRTY=false
[2018.10.18-03.42.17:201][270]LogSavePackage: Moving '../../../../../Proyectos/laberinto/laberintoUE/laberinto/Saved/level0A77B02734DDF26C0DB3B5EBBEFC47C11.tmp' to '../../../../../Proyectos/laberinto/laberintoUE/laberinto/Content/maps/level0.umap'
[2018.10.18-03.42.17:217][270]LogFileHelpers: Saving map 'level0' took 0.232
[2018.10.18-03.42.17:252][270]LogSlate: Window 'laberinto - Unreal Editor' being destroyed
[2018.10.18-03.42.17:408][271]Cmd: QUIT_EDITOR
[2018.10.18-03.42.17:421][271]LogWindowsTextInputMethodSystem: Display: IME system now deactivated.
[2018.10.18-03.42.17:432][271]LogExit: Preparing to exit.
[2018.10.18-03.42.18:090][271]LogExit: Editor shut down
[2018.10.18-03.42.18:090][271]LogExit: Transaction tracking system shut down
[2018.10.18-03.42.18:664][271]LogExit: Object subsystem successfully closed.
[2018.10.18-03.42.18:679][271]LogShaderCompilers: Display: Shaders left to compile 0
[2018.10.18-03.42.18:680][271]LogD3D11RHI: Shutdown
[2018.10.18-03.42.18:680][271]LogD3D11RHI: CleanupD3DDevice
[2018.10.18-03.42.18:681][271]LogD3D11RHI: ~FD3D11DynamicRHI
[2018.10.18-03.42.18:688][271]LogModuleManager: Shutting down and abandoning module HierarchicalLODUtilities (614)
[2018.10.18-03.42.18:688][271]LogModuleManager: Shutting down and abandoning module BlueprintGraph (612)
[2018.10.18-03.42.18:688][271]LogModuleManager: Shutting down and abandoning module HierarchicalLODOutliner (610)
[2018.10.18-03.42.18:688][271]LogModuleManager: Shutting down and abandoning module SceneOutliner (608)
[2018.10.18-03.42.18:688][271]LogModuleManager: Shutting down and abandoning module AddContentDialog (606)
[2018.10.18-03.42.18:689][271]LogModuleManager: Shutting down and abandoning module WidgetCarousel (605)
[2018.10.18-03.42.18:689][271]LogModuleManager: Shutting down and abandoning module EditorWidgets (602)
[2018.10.18-03.42.18:689][271]LogModuleManager: Shutting down and abandoning module CollectionManager (600)
[2018.10.18-03.42.18:689][271]LogModuleManager: Shutting down and abandoning module StatsViewer (598)
[2018.10.18-03.42.18:689][271]LogModuleManager: Shutting down and abandoning module FoliageEdit (596)
[2018.10.18-03.42.18:689][271]LogModuleManager: Shutting down and abandoning module LandscapeEditor (594)
[2018.10.18-03.42.18:689][271]LogModuleManager: Shutting down and abandoning module MeshPaintMode (592)
[2018.10.18-03.42.18:689][271]LogModuleManager: Shutting down and abandoning module SceneDepthPickerMode (590)
[2018.10.18-03.42.18:689][271]LogModuleManager: Shutting down and abandoning module ActorPickerMode (588)
[2018.10.18-03.42.18:689][271]LogModuleManager: Shutting down and abandoning module GeometryMode (586)
[2018.10.18-03.42.18:689][271]LogModuleManager: Shutting down and abandoning module TextureAlignMode (584)
[2018.10.18-03.42.18:689][271]LogModuleManager: Shutting down and abandoning module BspMode (582)
[2018.10.18-03.42.18:689][271]LogModuleManager: Shutting down and abandoning module PIEPreviewDeviceProfileSelector (580)
[2018.10.18-03.42.18:689][271]LogModuleManager: Shutting down and abandoning module SequenceRecorderSections (578)
[2018.10.18-03.42.18:689][271]LogModuleManager: Shutting down and abandoning module AutomationWorker (576)
[2018.10.18-03.42.18:689][271]LogModuleManager: Shutting down and abandoning module AudioCaptureEditor (574)
[2018.10.18-03.42.18:689][271]LogModuleManager: Shutting down and abandoning module SequenceRecorder (573)
[2018.10.18-03.42.18:689][271]LogModuleManager: Shutting down and abandoning module MatineeToLevelSequence (570)
[2018.10.18-03.42.18:689][271]LogModuleManager: Shutting down and abandoning module LevelSequenceEditor (568)
[2018.10.18-03.42.18:689][271]LogModuleManager: Shutting down and abandoning module PlacementMode (567)
[2018.10.18-03.42.18:689][271]LogModuleManager: Shutting down and abandoning module MaterialEditor (566)
[2018.10.18-03.42.18:689][271]LogModuleManager: Shutting down and abandoning module WmfMediaFactory (562)
[2018.10.18-03.42.18:689][271]LogModuleManager: Shutting down and abandoning module WmfMediaEditor (560)
[2018.10.18-03.42.18:689][271]LogModuleManager: Shutting down and abandoning module MediaPlayerEditor (558)
[2018.10.18-03.42.18:689][271]LogModuleManager: Shutting down and abandoning module OpenExrWrapper (556)
[2018.10.18-03.42.18:689][271]LogModuleManager: Shutting down and abandoning module ImgMediaFactory (554)
[2018.10.18-03.42.18:689][271]LogModuleManager: Shutting down and abandoning module ImgMediaEditor (552)
[2018.10.18-03.42.18:689][271]LogModuleManager: Shutting down and abandoning module AvfMediaFactory (550)
[2018.10.18-03.42.18:689][271]LogModuleManager: Shutting down and abandoning module AvfMediaEditor (548)
[2018.10.18-03.42.18:689][271]LogModuleManager: Shutting down and abandoning module AndroidMediaFactory (546)
[2018.10.18-03.42.18:689][271]LogModuleManager: Shutting down and abandoning module AndroidMediaEditor (544)
[2018.10.18-03.42.18:689][271]LogModuleManager: Shutting down and abandoning module MagicLeapCameraPreviewFactory (542)
[2018.10.18-03.42.18:689][271]LogModuleManager: Shutting down and abandoning module MagicLeapMediaFactory (540)
[2018.10.18-03.42.18:689][271]LogModuleManager: Shutting down and abandoning module MagicLeapMediaEditor (538)
[2018.10.18-03.42.18:689][271]LogModuleManager: Shutting down and abandoning module CharacterAI (536)
[2018.10.18-03.42.18:689][271]LogModuleManager: Shutting down and abandoning module SmartSnapping (534)
[2018.10.18-03.42.18:689][271]LogModuleManager: Shutting down and abandoning module SessionServices (532)
[2018.10.18-03.42.18:689][271]LogModuleManager: Shutting down and abandoning module ViewportSnapping (530)
[2018.10.18-03.42.18:689][271]LogModuleManager: Shutting down and abandoning module ViewportInteraction (528)
[2018.10.18-03.42.18:689][271]LogModuleManager: Shutting down and abandoning module ClothPainter (526)
[2018.10.18-03.42.18:689][271]LogModuleManager: Shutting down and abandoning module SkeletalMeshEditor (525)
[2018.10.18-03.42.18:689][271]LogModuleManager: Shutting down and abandoning module LogVisualizer (522)
[2018.10.18-03.42.18:689][271]LogModuleManager: Shutting down and abandoning module IntroTutorials (520)
[2018.10.18-03.42.18:689][271]LogModuleManager: Shutting down and abandoning module GameProjectGeneration (519)
[2018.10.18-03.42.18:690][271]LogModuleManager: Shutting down and abandoning module LuminPlatformEditor (516)
[2018.10.18-03.42.18:690][271]LogModuleManager: Shutting down and abandoning module IOSPlatformEditor (514)
[2018.10.18-03.42.18:690][271]LogModuleManager: Shutting down and abandoning module HTML5PlatformEditor (512)
[2018.10.18-03.42.18:690][271]LogModuleManager: Shutting down and abandoning module AndroidPlatformEditor (510)
[2018.10.18-03.42.18:690][271]LogModuleManager: Shutting down and abandoning module AndroidDeviceDetection (509)
[2018.10.18-03.42.19:715][271]LogModuleManager: Shutting down and abandoning module WindowsPlatformEditor (506)
[2018.10.18-03.42.19:715][271]LogModuleManager: Shutting down and abandoning module LuminRuntimeSettings (504)
[2018.10.18-03.42.19:715][271]LogModuleManager: Shutting down and abandoning module IOSRuntimeSettings (502)
[2018.10.18-03.42.19:715][271]LogModuleManager: Shutting down and abandoning module AndroidRuntimeSettings (500)
[2018.10.18-03.42.19:715][271]LogModuleManager: Shutting down and abandoning module InputBindingEditor (498)
[2018.10.18-03.42.19:715][271]LogModuleManager: Shutting down and abandoning module MergeActors (496)
[2018.10.18-03.42.19:715][271]LogModuleManager: Shutting down and abandoning module LocalizationDashboard (494)
[2018.10.18-03.42.19:715][271]LogModuleManager: Shutting down and abandoning module LocalizationService (493)
[2018.10.18-03.42.19:715][271]LogModuleManager: Shutting down and abandoning module HardwareTargeting (490)
[2018.10.18-03.42.19:715][271]LogModuleManager: Shutting down and abandoning module DeviceProfileEditor (488)
[2018.10.18-03.42.19:715][271]LogModuleManager: Shutting down and abandoning module UndoHistory (486)
[2018.10.18-03.42.19:715][271]LogModuleManager: Shutting down and abandoning module XmlParser (484)
[2018.10.18-03.42.19:715][271]LogModuleManager: Shutting down and abandoning module Blutility (482)
[2018.10.18-03.42.19:715][271]LogModuleManager: Shutting down and abandoning module ProjectSettingsViewer (480)
[2018.10.18-03.42.19:715][271]LogModuleManager: Shutting down and abandoning module ProjectTargetPlatformEditor (479)
[2018.10.18-03.42.19:715][271]LogModuleManager: Shutting down and abandoning module EditorSettingsViewer (476)
[2018.10.18-03.42.19:715][271]LogModuleManager: Shutting down and abandoning module SettingsEditor (474)
[2018.10.18-03.42.19:715][271]LogModuleManager: Shutting down and abandoning module ProjectLauncher (472)
[2018.10.18-03.42.19:716][271]LogModuleManager: Shutting down and abandoning module SessionFrontend (470)
[2018.10.18-03.42.19:716][271]LogModuleManager: Shutting down and abandoning module ProfilerClient (468)
[2018.10.18-03.42.19:716][271]LogModuleManager: Shutting down and abandoning module DeviceManager (466)
[2018.10.18-03.42.19:716][271]LogModuleManager: Shutting down and abandoning module TargetDeviceServices (465)
[2018.10.18-03.42.19:781][271]LogModuleManager: Shutting down and abandoning module AutomationController (462)
[2018.10.18-03.42.19:781][271]LogModuleManager: Shutting down and abandoning module AutomationWindow (460)
[2018.10.18-03.42.19:781][271]LogModuleManager: Shutting down and abandoning module Layers (458)
[2018.10.18-03.42.19:781][271]LogModuleManager: Shutting down and abandoning module ComponentVisualizers (456)
[2018.10.18-03.42.19:781][271]LogModuleManager: Shutting down and abandoning module DetailCustomizations (454)
[2018.10.18-03.42.19:781][271]LogModuleManager: Shutting down and abandoning module PackagesDialog (452)
[2018.10.18-03.42.19:781][271]LogModuleManager: Shutting down and abandoning module Persona (450)
[2018.10.18-03.42.19:781][271]LogModuleManager: Shutting down and abandoning module AdvancedPreviewScene (449)
[2018.10.18-03.42.19:781][271]LogModuleManager: Shutting down and abandoning module AnimGraph (447)
[2018.10.18-03.42.19:781][271]LogModuleManager: Shutting down and abandoning module Kismet (444)
[2018.10.18-03.42.19:784][271]LogModuleManager: Shutting down and abandoning module GraphEditor (442)
[2018.10.18-03.42.19:784][271]LogModuleManager: Shutting down and abandoning module ClassViewer (440)
[2018.10.18-03.42.19:784][271]LogModuleManager: Shutting down and abandoning module Toolbox (438)
[2018.10.18-03.42.19:784][271]LogModuleManager: Shutting down and abandoning module ModuleUI (436)
[2018.10.18-03.42.19:784][271]LogModuleManager: Shutting down and abandoning module MovieSceneTools (434)
[2018.10.18-03.42.19:784][271]LogModuleManager: Shutting down and abandoning module OutputLog (432)
[2018.10.18-03.42.19:784][271]LogModuleManager: Shutting down and abandoning module GammaUI (430)
[2018.10.18-03.42.19:784][271]LogModuleManager: Shutting down and abandoning module Documentation (428)
[2018.10.18-03.42.19:784][271]LogModuleManager: Shutting down and abandoning module MovieSceneTracks (426)
[2018.10.18-03.42.19:784][271]LogModuleManager: Shutting down and abandoning module MovieScene (424)
[2018.10.18-03.42.19:784][271]LogModuleManager: Shutting down and abandoning module StreamingPauseRendering (422)
[2018.10.18-03.42.19:784][271]LogModuleManager: Shutting down and abandoning module LauncherPlatform (420)
[2018.10.18-03.42.19:784][271]LogModuleManager: Shutting down and abandoning module AnalyticsET (418)
[2018.10.18-03.42.19:784][271]LogModuleManager: Shutting down and abandoning module PortalServices (416)
[2018.10.18-03.42.19:784][271]LogModuleManager: Shutting down and abandoning module PortalRpc (414)
[2018.10.18-03.42.19:784][271]LogModuleManager: Shutting down and abandoning module MessagingRpc (412)
[2018.10.18-03.42.19:784][271]LogModuleManager: Shutting down and abandoning module AIModule (410)
[2018.10.18-03.42.19:784][271]LogModuleManager: Shutting down and abandoning module GameplayDebugger (409)
[2018.10.18-03.42.19:784][271]LogModuleManager: Shutting down and abandoning module AITestSuite (407)
[2018.10.18-03.42.19:784][271]LogModuleManager: Shutting down and abandoning module NavigationSystem (405)
[2018.10.18-03.42.19:784][271]LogModuleManager: Shutting down and abandoning module DesktopPlatform (402)
[2018.10.18-03.42.19:784][271]LogModuleManager: Shutting down and abandoning module ProfilerService (400)
[2018.10.18-03.42.19:888][271]LogModuleManager: Shutting down and abandoning module TaskGraph (398)
[2018.10.18-03.42.19:888][271]LogModuleManager: Shutting down and abandoning module SteamVRController (396)
[2018.10.18-03.42.19:888][271]LogModuleManager: Shutting down and abandoning module ProceduralMeshComponentEditor (394)
[2018.10.18-03.42.19:888][271]LogModuleManager: Shutting down and abandoning module ProceduralMeshComponent (392)
[2018.10.18-03.42.19:888][271]LogModuleManager: Shutting down and abandoning module OculusInput (390)
[2018.10.18-03.42.19:888][271]LogModuleManager: Shutting down and abandoning module MobilePatchingUtils (388)
[2018.10.18-03.42.19:888][271]LogModuleManager: Shutting down and abandoning module EditableMesh (386)
[2018.10.18-03.42.19:888][271]LogModuleManager: Shutting down and abandoning module CustomMeshComponent (384)
[2018.10.18-03.42.19:888][271]LogModuleManager: Shutting down and abandoning module CableComponent (382)
[2018.10.18-03.42.19:888][271]LogModuleManager: Shutting down and abandoning module AudioCapture (380)
[2018.10.18-03.42.19:888][271]LogModuleManager: Shutting down and abandoning module ArchVisCharacter (378)
[2018.10.18-03.42.19:888][271]LogModuleManager: Shutting down and abandoning module AndroidPermission (376)
[2018.10.18-03.42.19:888][271]LogModuleManager: Shutting down and abandoning module NUTUnrealEngine4 (374)
[2018.10.18-03.42.19:888][271]LogModuleManager: Shutting down and abandoning module NetcodeUnitTest (372)
[2018.10.18-03.42.19:888][271]LogModuleManager: Shutting down and abandoning module MediaCompositingEditor (370)
[2018.10.18-03.42.19:888][271]LogModuleManager: Shutting down and abandoning module MediaCompositing (368)
[2018.10.18-03.42.19:888][271]LogModuleManager: Shutting down and abandoning module LinearTimecode (366)
[2018.10.18-03.42.19:888][271]LogModuleManager: Shutting down and abandoning module ImgMedia (364)
[2018.10.18-03.42.19:891][271]LogModuleManager: Shutting down and abandoning module HTML5Networking (362)
[2018.10.18-03.42.19:891][271]LogModuleManager: Shutting down and abandoning module GeometryCacheTracks (360)
[2018.10.18-03.42.19:891][271]LogModuleManager: Shutting down and abandoning module GeometryCacheSequencer (358)
[2018.10.18-03.42.19:891][271]LogModuleManager: Shutting down and abandoning module BackChannel (356)
[2018.10.18-03.42.19:891][271]LogModuleManager: Shutting down and abandoning module AppleVision (354)
[2018.10.18-03.42.19:891][271]LogModuleManager: Shutting down and abandoning module AppleImageUtils (352)
[2018.10.18-03.42.19:891][271]LogModuleManager: Shutting down and abandoning module AlembicImporter (350)
[2018.10.18-03.42.19:891][271]LogModuleManager: Shutting down and abandoning module AlembicLibrary (349)
[2018.10.18-03.42.19:891][271]LogModuleManager: Shutting down and abandoning module GeometryCache (348)
[2018.10.18-03.42.19:891][271]LogModuleManager: Shutting down and abandoning module GeometryCacheEd (347)
[2018.10.18-03.42.19:891][271]LogModuleManager: Shutting down and abandoning module DatasmithContentEditor (342)
[2018.10.18-03.42.19:891][271]LogModuleManager: Shutting down and abandoning module DatasmithContent (340)
[2018.10.18-03.42.19:891][271]LogModuleManager: Shutting down and abandoning module SpeedTreeImporter (338)
[2018.10.18-03.42.19:891][271]LogModuleManager: Shutting down and abandoning module PluginBrowser (336)
[2018.10.18-03.42.19:892][271]LogModuleManager: Shutting down and abandoning module MobileLauncherProfileWizard (334)
[2018.10.18-03.42.19:892][271]LogModuleManager: Shutting down and abandoning module PolygonModeling (332)
[2018.10.18-03.42.19:892][271]LogModuleManager: Shutting down and abandoning module MeshEditor (330)
[2018.10.18-03.42.19:892][271]LogModuleManager: Shutting down and abandoning module CryptoKeysOpenSSL (328)
[2018.10.18-03.42.19:892][271]LogModuleManager: Shutting down and abandoning module CryptoKeys (326)
[2018.10.18-03.42.19:892][271]LogModuleManager: Shutting down and abandoning module VisualStudioSourceCodeAccess (324)
[2018.10.18-03.42.19:892][271]LogModuleManager: Shutting down and abandoning module VisualStudioCodeSourceCodeAccess (322)
[2018.10.18-03.42.19:892][271]LogModuleManager: Shutting down and abandoning module UObjectPlugin (320)
[2018.10.18-03.42.19:892][271]LogModuleManager: Shutting down and abandoning module SubversionSourceControl (318)
[2018.10.18-03.42.19:892][271]LogModuleManager: Shutting down and abandoning module PerforceSourceControl (316)
[2018.10.18-03.42.19:892][271]LogModuleManager: Shutting down and abandoning module GitSourceControl (314)
[2018.10.18-03.42.19:892][271]LogModuleManager: Shutting down and abandoning module SourceControl (313)
[2018.10.18-03.42.19:892][271]LogModuleManager: Shutting down and abandoning module CLionSourceCodeAccess (310)
[2018.10.18-03.42.19:892][271]LogModuleManager: Shutting down and abandoning module LightPropagationVolumeEditor (308)
[2018.10.18-03.42.19:892][271]LogModuleManager: Shutting down and abandoning module PaperTiledImporter (306)
[2018.10.18-03.42.19:892][271]LogModuleManager: Shutting down and abandoning module PaperSpriteSheetImporter (304)
[2018.10.18-03.42.19:892][271]LogModuleManager: Shutting down and abandoning module Paper2DEditor (302)
[2018.10.18-03.42.19:892][271]LogModuleManager: Shutting down and abandoning module MeshPaint (301)
[2018.10.18-03.42.19:892][271]LogModuleManager: Shutting down and abandoning module RuntimePhysXCooking (298)
[2018.10.18-03.42.19:892][271]LogModuleManager: Shutting down and abandoning module PhysXVehiclesEditor (296)
[2018.10.18-03.42.19:892][271]LogModuleManager: Shutting down and abandoning module PhysXVehicles (294)
[2018.10.18-03.42.19:892][271]LogModuleManager: Shutting down and abandoning module OculusEditor (292)
[2018.10.18-03.42.19:892][271]LogModuleManager: Shutting down and abandoning module LocationServicesBPLibrary (290)
[2018.10.18-03.42.19:892][271]LogModuleManager: Shutting down and abandoning module ImmediatePhysicsEditor (288)
[2018.10.18-03.42.19:892][271]LogModuleManager: Shutting down and abandoning module ImmediatePhysics (286)
[2018.10.18-03.42.19:892][271]LogModuleManager: Shutting down and abandoning module ActorSequence (284)
[2018.10.18-03.42.19:892][271]LogModuleManager: Shutting down and abandoning module UdpMessaging (282)
[2018.10.18-03.42.19:994][271]LogModuleManager: Shutting down and abandoning module TcpMessaging (280)
[2018.10.18-03.42.20:095][271]LogModuleManager: Shutting down and abandoning module MagicLeapAudio (278)
[2018.10.18-03.42.20:095][271]LogModuleManager: Shutting down and abandoning module GameplayTagsEditor (276)
[2018.10.18-03.42.20:095][271]LogModuleManager: Shutting down and abandoning module FacialAnimationEditor (274)
[2018.10.18-03.42.20:095][271]LogModuleManager: Shutting down and abandoning module FacialAnimation (272)
[2018.10.18-03.42.20:095][271]LogModuleManager: Shutting down and abandoning module DataValidation (270)
[2018.10.18-03.42.20:095][271]LogModuleManager: Shutting down and abandoning module AssetManagerEditor (268)
[2018.10.18-03.42.20:095][271]LogModuleManager: Shutting down and abandoning module LevelEditor (267)
[2018.10.18-03.42.20:095][271]LogModuleManager: Shutting down and abandoning module PixelInspectorModule (266)
[2018.10.18-03.42.20:095][271]LogModuleManager: Shutting down and abandoning module CommonMenuExtensions (264)
[2018.10.18-03.42.20:095][271]LogModuleManager: Shutting down and abandoning module MainFrame (262)
[2018.10.18-03.42.20:096][271]LogModuleManager: Shutting down and abandoning module HotReload (261)
[2018.10.18-03.42.20:096][271]LogModuleManager: Shutting down and abandoning module ContentBrowser (257)
[2018.10.18-03.42.20:097][271]LogModuleManager: Shutting down and abandoning module TreeMap (255)
[2018.10.18-03.42.20:097][271]LogModuleManager: Shutting down and abandoning module LightPropagationVolumeRuntime (252)
[2018.10.18-03.42.20:097][271]LogModuleManager: Shutting down and abandoning module AISupportModule (250)
[2018.10.18-03.42.20:097][271]LogModuleManager: Shutting down and abandoning module Paper2D (248)
[2018.10.18-03.42.20:097][271]LogModuleManager: Shutting down and abandoning module WindowsMoviePlayer (246)
[2018.10.18-03.42.20:097][271]LogModuleManager: Shutting down and abandoning module WmfMedia (244)
[2018.10.18-03.42.20:098][271]LogModuleManager: Shutting down and abandoning module Media (243)
[2018.10.18-03.42.20:104][271]LogModuleManager: Shutting down and abandoning module PacketHandler (240)
[2018.10.18-03.42.20:104][271]LogModuleManager: Shutting down and abandoning module ClothingSystemEditor (238)
[2018.10.18-03.42.20:104][271]LogModuleManager: Shutting down and abandoning module ClothingSystemRuntime (236)
[2018.10.18-03.42.20:104][271]LogModuleManager: Shutting down and abandoning module MediaAssets (234)
[2018.10.18-03.42.20:104][271]LogModuleManager: Shutting down and abandoning module Overlay (232)
[2018.10.18-03.42.20:104][271]LogModuleManager: Shutting down and abandoning module OverlayEditor (231)
[2018.10.18-03.42.20:104][271]LogModuleManager: Shutting down and abandoning module VREditor (228)
[2018.10.18-03.42.20:104][271]LogModuleManager: Shutting down and abandoning module StringTableEditor (226)
[2018.10.18-03.42.20:104][271]LogModuleManager: Shutting down and abandoning module GameplayTasksEditor (224)
[2018.10.18-03.42.20:104][271]LogModuleManager: Shutting down and abandoning module BehaviorTreeEditor (222)
[2018.10.18-03.42.20:104][271]LogModuleManager: Shutting down and abandoning module FunctionalTesting (220)
[2018.10.18-03.42.20:104][271]LogModuleManager: Shutting down and abandoning module CollisionAnalyzer (218)
[2018.10.18-03.42.20:104][271]LogModuleManager: Shutting down and abandoning module WorkspaceMenuStructure (217)
[2018.10.18-03.42.20:104][271]LogModuleManager: Shutting down and abandoning module UMG (214)
[2018.10.18-03.42.20:104][271]LogModuleManager: Shutting down and abandoning module UMGEditor (213)
[2018.10.18-03.42.20:105][271]LogModuleManager: Shutting down and abandoning module Sequencer (212)
[2018.10.18-03.42.20:105][271]LogModuleManager: Shutting down and abandoning module MessageLog (209)
[2018.10.18-03.42.20:105][271]LogModuleManager: Shutting down and abandoning module SlateReflector (204)
[2018.10.18-03.42.20:105][271]LogModuleManager: Shutting down and abandoning module Slate (202)
[2018.10.18-03.42.20:105][271]LogModuleManager: Shutting down and abandoning module EditorStyle (200)
[2018.10.18-03.42.20:106][271]LogModuleManager: Shutting down and abandoning module MRMesh (198)
[2018.10.18-03.42.20:106][271]LogModuleManager: Shutting down and abandoning module SourceCodeAccess (196)
[2018.10.18-03.42.20:106][271]LogModuleManager: Shutting down and abandoning module HeadMountedDisplay (194)
[2018.10.18-03.42.20:106][271]LogModuleManager: Shutting down and abandoning module XAudio2 (192)
[2018.10.18-03.42.20:106][271]LogModuleManager: Shutting down and abandoning module Networking (190)
[2018.10.18-03.42.20:106][271]LogModuleManager: Shutting down and abandoning module Core (188)
[2018.10.18-03.42.20:106][271]LogModuleManager: Shutting down and abandoning module LevelSequence (186)
[2018.10.18-03.42.20:106][271]LogModuleManager: Shutting down and abandoning module KismetCompiler (184)
[2018.10.18-03.42.20:106][271]LogModuleManager: Shutting down and abandoning module MeshUtilities (182)
[2018.10.18-03.42.20:106][271]LogModuleManager: Shutting down and abandoning module MeshMergeUtilities (181)
[2018.10.18-03.42.20:106][271]LogModuleManager: Shutting down and abandoning module MeshReductionInterface (180)
[2018.10.18-03.42.20:106][271]LogModuleManager: Shutting down and abandoning module SimplygonSwarm (179)
[2018.10.18-03.42.20:106][271]LogModuleManager: Shutting down and abandoning module ProxyLODMeshReduction (177)
[2018.10.18-03.42.20:106][271]LogModuleManager: Shutting down and abandoning module SimplygonMeshReduction (175)
[2018.10.18-03.42.20:106][271]LogModuleManager: Shutting down and abandoning module QuadricMeshReduction (173)
[2018.10.18-03.42.20:106][271]LogModuleManager: Shutting down and abandoning module MaterialBaking (169)
[2018.10.18-03.42.20:106][271]LogModuleManager: Shutting down and abandoning module DirectoryWatcher (165)
[2018.10.18-03.42.20:106][271]LogModuleManager: Shutting down and abandoning module DerivedDataCache (162)
[2018.10.18-03.42.20:110][271]LogDerivedDataCache: Shutdown
[2018.10.18-03.42.20:110][271]LogModuleManager: Shutting down and abandoning module XGEController (160)
[2018.10.18-03.42.20:110][271]LogXGEController: Cleaning working directory: C:/Users/Sebastian/AppData/Local/Temp/UnrealXGEWorkingDir/
[2018.10.18-03.42.20:110][271]LogModuleManager: Shutting down and abandoning module TargetPlatform (158)
[2018.10.18-03.42.20:110][271]LogModuleManager: Shutting down and abandoning module VulkanShaderFormat (157)
[2018.10.18-03.42.20:110][271]LogModuleManager: Shutting down and abandoning module ShaderFormatVectorVM (155)
[2018.10.18-03.42.20:110][271]LogModuleManager: Shutting down and abandoning module ShaderFormatOpenGL (153)
[2018.10.18-03.42.20:110][271]LogModuleManager: Shutting down and abandoning module ShaderFormatD3D (151)
[2018.10.18-03.42.20:110][271]LogModuleManager: Shutting down and abandoning module MetalShaderFormat (149)
[2018.10.18-03.42.20:110][271]LogModuleManager: Shutting down and abandoning module TextureFormatUncompressed (147)
[2018.10.18-03.42.20:110][271]LogModuleManager: Shutting down and abandoning module TextureFormatPVR (145)
[2018.10.18-03.42.20:110][271]LogModuleManager: Shutting down and abandoning module TextureFormatDXT (143)
[2018.10.18-03.42.20:110][271]LogModuleManager: Shutting down and abandoning module TextureFormatIntelISPCTexComp (141)
[2018.10.18-03.42.20:110][271]LogModuleManager: Shutting down and abandoning module TextureFormatASTC (139)
[2018.10.18-03.42.20:110][271]LogModuleManager: Shutting down and abandoning module ImageWrapper (138)
[2018.10.18-03.42.20:110][271]LogModuleManager: Shutting down and abandoning module TextureFormatAndroid (135)
[2018.10.18-03.42.20:111][271]LogModuleManager: Shutting down and abandoning module AudioFormatOpus (133)
[2018.10.18-03.42.20:111][271]LogModuleManager: Shutting down and abandoning module AudioFormatOgg (131)
[2018.10.18-03.42.20:111][271]LogModuleManager: Shutting down and abandoning module AudioFormatADPCM (129)
[2018.10.18-03.42.20:111][271]LogModuleManager: Shutting down and abandoning module LuminTargetPlatform (127)
[2018.10.18-03.42.20:111][271]LogModuleManager: Shutting down and abandoning module LinuxTargetPlatform (125)
[2018.10.18-03.42.20:111][271]LogModuleManager: Shutting down and abandoning module LinuxServerTargetPlatform (123)
[2018.10.18-03.42.20:111][271]LogModuleManager: Shutting down and abandoning module LinuxNoEditorTargetPlatform (121)
[2018.10.18-03.42.20:111][271]LogModuleManager: Shutting down and abandoning module LinuxClientTargetPlatform (119)
[2018.10.18-03.42.20:111][271]LogModuleManager: Shutting down and abandoning module TVOSTargetPlatform (117)
[2018.10.18-03.42.20:111][271]LogModuleManager: Shutting down and abandoning module Messaging (115)
[2018.10.18-03.42.20:111][271]LogModuleManager: Shutting down and abandoning module IOSTargetPlatform (113)
[2018.10.18-03.42.20:112][271]LogModuleManager: Shutting down and abandoning module HTML5TargetPlatform (111)
[2018.10.18-03.42.20:112][271]LogModuleManager: Shutting down and abandoning module AndroidTargetPlatform (109)
[2018.10.18-03.42.20:115][271]LogModuleManager: Shutting down and abandoning module WindowsTargetPlatform (107)
[2018.10.18-03.42.20:115][271]LogModuleManager: Shutting down and abandoning module WindowsServerTargetPlatform (105)
[2018.10.18-03.42.20:115][271]LogModuleManager: Shutting down and abandoning module WindowsNoEditorTargetPlatform (103)
[2018.10.18-03.42.20:115][271]LogModuleManager: Shutting down and abandoning module WindowsClientTargetPlatform (101)
[2018.10.18-03.42.20:115][271]LogModuleManager: Shutting down and abandoning module MacTargetPlatform (99)
[2018.10.18-03.42.20:115][271]LogModuleManager: Shutting down and abandoning module MacServerTargetPlatform (97)
[2018.10.18-03.42.20:115][271]LogModuleManager: Shutting down and abandoning module MacNoEditorTargetPlatform (95)
[2018.10.18-03.42.20:115][271]LogModuleManager: Shutting down and abandoning module MacClientTargetPlatform (93)
[2018.10.18-03.42.20:115][271]LogModuleManager: Shutting down and abandoning module AllDesktopTargetPlatform (91)
[2018.10.18-03.42.20:115][271]LogModuleManager: Shutting down and abandoning module InputCore (88)
[2018.10.18-03.42.20:115][271]LogModuleManager: Shutting down and abandoning module Settings (86)
[2018.10.18-03.42.20:115][271]LogModuleManager: Shutting down and abandoning module PhysXCooking (84)
[2018.10.18-03.42.20:115][271]LogModuleManager: Shutting down and abandoning module SteamVR (82)
[2018.10.18-03.42.20:115][271]LogModuleManager: Shutting down and abandoning module OculusHMD (80)
[2018.10.18-03.42.20:117][271]LogModuleManager: Shutting down and abandoning module ExampleDeviceProfileSelector (78)
[2018.10.18-03.42.20:117][271]LogModuleManager: Shutting down and abandoning module LauncherChunkInstaller (76)
[2018.10.18-03.42.20:117][271]LogModuleManager: Shutting down and abandoning module OnlineBlueprintSupport (74)
[2018.10.18-03.42.20:117][271]LogModuleManager: Shutting down and abandoning module OnlineSubsystem (70)
[2018.10.18-03.42.20:117][271]LogModuleManager: Shutting down and abandoning module XMPP (65)
[2018.10.18-03.42.20:117][271]LogModuleManager: Shutting down and abandoning module WebSockets (64)
[2018.10.18-03.42.20:138][271]LogModuleManager: Shutting down and abandoning module HTTP (61)
[2018.10.18-03.42.20:138][271]LogHttp: Display: Http module shutting down, but needs to wait on 1 outstanding Http requests:
[2018.10.18-03.42.20:138][271]LogHttp: Display: 	verb=[POST] url=[https://datarouter.ol.epicgames.com/datarouter/api/v1/public/data?SessionID=%7B455F35E2-44EE-40DA-7DB4-FF86D197D20F%7D&AppID=UEEditor.Rocket.Release&AppVersion=4.20.3-4369336%2B%2B%2BUE4%2BRelease-4.20&UserID=6ba3370942112b202b8cc89e8095519a%7C5c9daea6ea99499e9f52c7bc8723c5e9%7C1e58fa65-64c0-4b0f-8851-b181a5550c02&AppEnvironment=datacollector-binary&UploadType=eteventstream] status=Processing
[2018.10.18-03.42.20:169][271]LogModuleManager: Shutting down and abandoning module SSL (60)
[2018.10.18-03.42.20:170][271]LogModuleManager: Shutting down and abandoning module MagicLeapEmulator (56)
[2018.10.18-03.42.20:170][271]LogModuleManager: Shutting down and abandoning module MagicLeapPrivileges (54)
[2018.10.18-03.42.20:170][271]LogModuleManager: Shutting down and abandoning module MagicLeapIdentity (52)
[2018.10.18-03.42.20:170][271]LogModuleManager: Shutting down and abandoning module MagicLeapHelperVulkan (50)
[2018.10.18-03.42.20:170][271]LogModuleManager: Shutting down and abandoning module MagicLeapHelperOpenGL (48)
[2018.10.18-03.42.20:170][271]LogModuleManager: Shutting down and abandoning module MagicLeapSecureStorage (46)
[2018.10.18-03.42.20:170][271]LogModuleManager: Shutting down and abandoning module MagicLeapGestures (44)
[2018.10.18-03.42.20:170][271]LogModuleManager: Shutting down and abandoning module MagicLeapEyeTracker (42)
[2018.10.18-03.42.20:170][271]LogModuleManager: Shutting down and abandoning module MagicLeapController (40)
[2018.10.18-03.42.20:170][271]LogSlate: Slate User Destroyed.  User Index 0, Is Virtual User: 0
[2018.10.18-03.42.20:170][271]LogModuleManager: Shutting down and abandoning module MagicLeap (38)
[2018.10.18-03.42.20:170][271]LogModuleManager: Shutting down and abandoning module AnimationModifiers (36)
[2018.10.18-03.42.20:170][271]LogModuleManager: Shutting down and abandoning module PropertyEditor (35)
[2018.10.18-03.42.20:170][271]LogModuleManager: Shutting down and abandoning module AudioEditor (32)
[2018.10.18-03.42.20:170][271]LogModuleManager: Shutting down and abandoning module TextureCompressor (30)
[2018.10.18-03.42.20:171][271]LogModuleManager: Shutting down and abandoning module ShaderCore (28)
[2018.10.18-03.42.20:171][271]LogModuleManager: Shutting down and abandoning module Landscape (26)
[2018.10.18-03.42.20:171][271]LogModuleManager: Shutting down and abandoning module SlateRHIRenderer (24)
[2018.10.18-03.42.20:171][271]LogModuleManager: Shutting down and abandoning module OpenGLDrv (22)
[2018.10.18-03.42.20:171][271]LogModuleManager: Shutting down and abandoning module D3D11RHI (20)
[2018.10.18-03.42.20:171][271]LogModuleManager: Shutting down and abandoning module AnimGraphRuntime (18)
[2018.10.18-03.42.20:171][271]LogModuleManager: Shutting down and abandoning module Renderer (16)
[2018.10.18-03.42.20:171][271]LogModuleManager: Shutting down and abandoning module Engine (14)
[2018.10.18-03.42.20:171][271]LogModuleManager: Shutting down and abandoning module CoreUObject (12)
[2018.10.18-03.42.20:171][271]LogModuleManager: Shutting down and abandoning module NetworkFile (10)
[2018.10.18-03.42.20:171][271]LogModuleManager: Shutting down and abandoning module CookedIterativeFile (8)
[2018.10.18-03.42.20:171][271]LogModuleManager: Shutting down and abandoning module StreamingFile (6)
[2018.10.18-03.42.20:171][271]LogModuleManager: Shutting down and abandoning module SandboxFile (4)
[2018.10.18-03.42.20:171][271]LogModuleManager: Shutting down and abandoning module PakFile (2)
[2018.10.18-03.42.20:176][271]LogExit: Exiting.
[2018.10.18-03.42.20:191][271]Log file closed, 10/18/18 00:42:20
